
Currently Loaded Modules:
  1) StdEnv                                           (S)
  2) GCCcore/7.3.0
  3) binutils/2.30-GCCcore-7.3.0
  4) icc/2018.3.222-GCC-7.3.0-2.30
  5) ifort/2018.3.222-GCC-7.3.0-2.30
  6) iccifort/2018.3.222-GCC-7.3.0-2.30
  7) zlib/1.2.11-GCCcore-7.3.0
  8) numactl/2.0.11-GCCcore-7.3.0
  9) XZ/5.2.4-GCCcore-7.3.0
 10) libxml2/2.9.8-GCCcore-7.3.0
 11) libpciaccess/0.14-GCCcore-7.3.0
 12) hwloc/1.11.10-GCCcore-7.3.0
 13) OpenMPI/3.1.1-iccifort-2018.3.222-GCC-7.3.0-2.30

  Where:
   S:  Module is Sticky, requires --force to unload or purge

 

/home/cpsc424_yl2335/project/yl2335_ps4_cpsc424
c03n[10,12],c04n[06,10]
2
make: `task3' is up to date.

p = 8

Matrix multiplication times:
   N          COMM (secs)            COMP (secs)             TIME (secs)        F-norm of Error
-------  ---------------------  ----------------------  ---------------------  ------------------
  8000           28.4534                 1.7493                 30.2027             0.0000000000
  8000           18.4873                 4.7803                 23.2676             0.0000000000
  8000           14.6022                 8.6904                 23.2926             0.0000000000
  8000           14.1208                12.9409                 27.0617             0.0000000000
  8000           11.8471                16.0696                 27.9167             0.0000000000
  8000           10.9833                19.1678                 30.1511             0.0000000000
  8000           10.1368                20.0406                 30.1774             0.0000000000
  8000            8.5758                21.6269                 30.2027             0.0000000000

real	0m32.214s
user	0m53.438s
sys	0m0.971s

Matrix multiplication times:
   N          COMM (secs)            COMP (secs)             TIME (secs)        F-norm of Error
-------  ---------------------  ----------------------  ---------------------  ------------------
  8000           28.4444                 1.7492                 30.1936             0.0000000000
  8000           18.4941                 4.7720                 23.2660             0.0000000000
  8000           14.5875                 8.7033                 23.2907             0.0000000000
  8000           14.1409                12.9280                 27.0688             0.0000000000
  8000           11.8370                16.0848                 27.9218             0.0000000000
  8000           10.9646                19.1779                 30.1425             0.0000000000
  8000           10.0886                20.0792                 30.1678             0.0000000000
  8000            8.5727                21.6209                 30.1936             0.0000000000

real	0m31.041s
user	0m53.428s
sys	0m0.971s

Matrix multiplication times:
   N          COMM (secs)            COMP (secs)             TIME (secs)        F-norm of Error
-------  ---------------------  ----------------------  ---------------------  ------------------
  8000           28.4121                 1.7496                 30.1618             0.0000000000
  8000           18.4639                 4.7765                 23.2403             0.0000000000
  8000           14.5500                 8.7156                 23.2656             0.0000000000
  8000           14.0894                12.9853                 27.0747             0.0000000000
  8000           11.8480                16.0740                 27.9220             0.0000000000
  8000           10.9240                19.1851                 30.1091             0.0000000000
  8000           10.0894                20.0459                 30.1353             0.0000000000
  8000            8.5675                21.5943                 30.1618             0.0000000000

real	0m31.024s
user	0m53.374s
sys	0m0.976s
