
Currently Loaded Modules:
  1) StdEnv                                           (S)
  2) GCCcore/7.3.0
  3) binutils/2.30-GCCcore-7.3.0
  4) icc/2018.3.222-GCC-7.3.0-2.30
  5) ifort/2018.3.222-GCC-7.3.0-2.30
  6) iccifort/2018.3.222-GCC-7.3.0-2.30
  7) zlib/1.2.11-GCCcore-7.3.0
  8) numactl/2.0.11-GCCcore-7.3.0
  9) XZ/5.2.4-GCCcore-7.3.0
 10) libxml2/2.9.8-GCCcore-7.3.0
 11) libpciaccess/0.14-GCCcore-7.3.0
 12) hwloc/1.11.10-GCCcore-7.3.0
 13) OpenMPI/3.1.1-iccifort-2018.3.222-GCC-7.3.0-2.30

  Where:
   S:  Module is Sticky, requires --force to unload or purge

 

/home/cpsc424_yl2335/project/yl2335_ps4_cpsc424
c04n02
8
make: `task3' is up to date.

p = 1

Matrix multiplication times:
   N          COMM (secs)            COMP (secs)             TIME (secs)        F-norm of Error
-------  ---------------------  ----------------------  ---------------------  ------------------
  1000            0.0345                 0.1514                  0.1859             0.0000000000
  2000            0.1325                 1.1769                  1.3093             0.0000000000
  4000            0.5316                14.2197                 14.7512             0.0000000000
  8000            2.1282               120.3241                122.4523             0.0000000000

real	2m19.502s
user	2m18.178s
sys	0m1.085s

Matrix multiplication times:
   N          COMM (secs)            COMP (secs)             TIME (secs)        F-norm of Error
-------  ---------------------  ----------------------  ---------------------  ------------------
  1000            0.0338                 0.1519                  0.1857             0.0000000000
  2000            0.1326                 1.1763                  1.3089             0.0000000000
  4000            0.5326                14.1875                 14.7200             0.0000000000
  8000            2.1317               120.3776                122.5093             0.0000000000

real	2m19.401s
user	2m18.218s
sys	0m1.065s

Matrix multiplication times:
   N          COMM (secs)            COMP (secs)             TIME (secs)        F-norm of Error
-------  ---------------------  ----------------------  ---------------------  ------------------
  1000            0.0338                 0.1519                  0.1858             0.0000000000
  2000            0.1325                 1.1762                  1.3087             0.0000000000
  4000            0.5338                14.2350                 14.7688             0.0000000000
  8000            2.1287               120.5690                122.6978             0.0000000000

real	2m19.592s
user	2m18.445s
sys	0m1.075s

p = 2

Matrix multiplication times:
   N          COMM (secs)            COMP (secs)             TIME (secs)        F-norm of Error
-------  ---------------------  ----------------------  ---------------------  ------------------
  1000            0.1030                 0.0500                  0.1530             0.0000000000
  1000            0.0492                 0.1038                  0.1530             0.0000000000
  2000            0.5713                 0.3876                  0.9589             0.0000000000
  2000            0.1603                 0.8030                  0.9633             0.0000000000
  4000            6.7247                 4.0565                 10.7812             0.0000000000
  4000            0.8857                 9.9128                 10.7985             0.0000000000
  8000           48.8846                39.9351                 88.8197             0.0000000000
  8000            3.1924                85.6925                 88.8848             0.0000000000

real	1m41.353s
user	3m20.631s
sys	0m1.549s

Matrix multiplication times:
   N          COMM (secs)            COMP (secs)             TIME (secs)        F-norm of Error
-------  ---------------------  ----------------------  ---------------------  ------------------
  1000            0.1009                 0.0500                  0.1509             0.0000000000
  1000            0.0474                 0.1035                  0.1509             0.0000000000
  2000            0.5722                 0.3812                  0.9534             0.0000000000
  2000            0.1549                 0.8027                  0.9576             0.0000000000
  4000            6.7226                 4.0749                 10.7975             0.0000000000
  4000            0.8947                 9.9198                 10.8145             0.0000000000
  8000           48.8291                39.9139                 88.7429             0.0000000000
  8000            3.1814                85.6266                 88.8079             0.0000000000

real	1m41.285s
user	3m20.395s
sys	0m1.645s

Matrix multiplication times:
   N          COMM (secs)            COMP (secs)             TIME (secs)        F-norm of Error
-------  ---------------------  ----------------------  ---------------------  ------------------
  1000            0.1017                 0.0500                  0.1517             0.0000000000
  1000            0.0484                 0.1034                  0.1517             0.0000000000
  2000            0.5711                 0.3831                  0.9542             0.0000000000
  2000            0.1556                 0.8023                  0.9579             0.0000000000
  4000            6.7107                 4.0658                 10.7765             0.0000000000
  4000            0.8872                 9.9062                 10.7934             0.0000000000
  8000           48.8619                39.9673                 88.8293             0.0000000000
  8000            3.2062                85.6893                 88.8954             0.0000000000

real	1m41.347s
user	3m20.576s
sys	0m1.602s

p = 4

Matrix multiplication times:
   N          COMM (secs)            COMP (secs)             TIME (secs)        F-norm of Error
-------  ---------------------  ----------------------  ---------------------  ------------------
  1000            0.0941                 0.0165                  0.1106             0.0000000000
  1000            0.0562                 0.0368                  0.0930             0.0000000000
  1000            0.0603                 0.0499                  0.1102             0.0000000000
  1000            0.0544                 0.0563                  0.1107             0.0000000000
  2000            0.5600                 0.1136                  0.6736             0.0000000000
  2000            0.2884                 0.2706                  0.5591             0.0000000000
  2000            0.3005                 0.3747                  0.6752             0.0000000000
  2000            0.2520                 0.4261                  0.6780             0.0000000000
  4000            5.3310                 0.8526                  6.1836             0.0000000000
  4000            2.6667                 2.3776                  5.0442             0.0000000000
  4000            2.7547                 3.4362                  6.1910             0.0000000000
  4000            1.7055                 4.4949                  6.2005             0.0000000000
  8000           50.0241                 9.5089                 59.5330             0.0000000000
  8000           18.1734                28.7524                 46.9258             0.0000000000
  8000           20.9907                38.5692                 59.5600             0.0000000000
  8000           14.7642                44.8348                 59.5990             0.0000000000

real	1m7.164s
user	4m11.656s
sys	0m2.256s

Matrix multiplication times:
   N          COMM (secs)            COMP (secs)             TIME (secs)        F-norm of Error
-------  ---------------------  ----------------------  ---------------------  ------------------
  1000            0.0924                 0.0165                  0.1090             0.0000000000
  1000            0.0543                 0.0368                  0.0912             0.0000000000
  1000            0.0587                 0.0492                  0.1080             0.0000000000
  1000            0.0528                 0.0563                  0.1091             0.0000000000
  2000            0.5618                 0.1135                  0.6753             0.0000000000
  2000            0.2912                 0.2708                  0.5620             0.0000000000
  2000            0.3037                 0.3747                  0.6784             0.0000000000
  2000            0.2538                 0.4265                  0.6803             0.0000000000
  4000            5.3518                 0.8522                  6.2040             0.0000000000
  4000            2.6476                 2.4296                  5.0772             0.0000000000
  4000            2.8171                 3.3947                  6.2119             0.0000000000
  4000            1.6880                 4.5339                  6.2219             0.0000000000
  8000           50.1616                 9.5172                 59.6788             0.0000000000
  8000           18.1819                28.7121                 46.8940             0.0000000000
  8000           20.9653                38.7404                 59.7057             0.0000000000
  8000           14.9235                44.8213                 59.7448             0.0000000000

real	1m7.332s
user	4m12.126s
sys	0m2.288s

Matrix multiplication times:
   N          COMM (secs)            COMP (secs)             TIME (secs)        F-norm of Error
-------  ---------------------  ----------------------  ---------------------  ------------------
  1000            0.0938                 0.0164                  0.1102             0.0000000000
  1000            0.0553                 0.0368                  0.0921             0.0000000000
  1000            0.0591                 0.0500                  0.1091             0.0000000000
  1000            0.0540                 0.0563                  0.1102             0.0000000000
  2000            0.5627                 0.1120                  0.6748             0.0000000000
  2000            0.2896                 0.2722                  0.5618             0.0000000000
  2000            0.3025                 0.3754                  0.6779             0.0000000000
  2000            0.2535                 0.4262                  0.6798             0.0000000000
  4000            5.3158                 0.8444                  6.1601             0.0000000000
  4000            2.6632                 2.3921                  5.0553             0.0000000000
  4000            2.7830                 3.3849                  6.1679             0.0000000000
  4000            1.6829                 4.4949                  6.1778             0.0000000000
  8000           50.1289                 9.4828                 59.6117             0.0000000000
  8000           18.0749                28.7934                 46.8683             0.0000000000
  8000           20.9165                38.7218                 59.6383             0.0000000000
  8000           14.8652                44.8121                 59.6773             0.0000000000

real	1m7.216s
user	4m11.757s
sys	0m2.268s

p = 8

Matrix multiplication times:
   N          COMM (secs)            COMP (secs)             TIME (secs)        F-norm of Error
-------  ---------------------  ----------------------  ---------------------  ------------------
  1000            0.0694                 0.0049                  0.0743             0.0000000000
  1000            0.0574                 0.0109                  0.0682             0.0000000000
  1000            0.0525                 0.0162                  0.0687             0.0000000000
  1000            0.0487                 0.0204                  0.0691             0.0000000000
  1000            0.0469                 0.0238                  0.0707             0.0000000000
  1000            0.0475                 0.0261                  0.0737             0.0000000000
  1000            0.0460                 0.0278                  0.0738             0.0000000000
  1000            0.0462                 0.0283                  0.0744             0.0000000000
  2000            0.3710                 0.0332                  0.4042             0.0000000001
  2000            0.2776                 0.0796                  0.3572             0.0000000001
  2000            0.2383                 0.1198                  0.3581             0.0000000001
  2000            0.2068                 0.1526                  0.3594             0.0000000001
  2000            0.1959                 0.1798                  0.3757             0.0000000001
  2000            0.2098                 0.1967                  0.4066             0.0000000001
  2000            0.1958                 0.2121                  0.4078             0.0000000001
  2000            0.1931                 0.2156                  0.4087             0.0000000001
  4000            2.9544                 0.2378                  3.1922             0.0000000002
  4000            2.0829                 0.6183                  2.7012             0.0000000002
  4000            1.7759                 0.9296                  2.7055             0.0000000002
  4000            1.4737                 1.2368                  2.7105             0.0000000002
  4000            1.3475                 1.5684                  2.9159             0.0000000002
  4000            1.3479                 1.8525                  3.2004             0.0000000002
  4000            1.2502                 1.9542                  3.2043             0.0000000002
  4000            1.0635                 2.1460                  3.2095             0.0000000002
  8000           29.2922                 2.0080                 31.3002             0.0000000000
  8000           17.9823                 8.1052                 26.0875             0.0000000000
  8000           13.6023                12.5050                 26.1074             0.0000000000
  8000            9.1730                16.9550                 26.1280             0.0000000000
  8000            8.6767                19.1217                 27.7984             0.0000000000
  8000            9.8242                21.5044                 31.3286             0.0000000000
  8000            8.7443                22.6032                 31.3475             0.0000000000
  8000            7.5349                23.8315                 31.3665             0.0000000000

real	0m35.674s
user	4m18.195s
sys	0m3.186s

Matrix multiplication times:
   N          COMM (secs)            COMP (secs)             TIME (secs)        F-norm of Error
-------  ---------------------  ----------------------  ---------------------  ------------------
  1000            0.0694                 0.0049                  0.0742             0.0000000000
  1000            0.0574                 0.0108                  0.0683             0.0000000000
  1000            0.0525                 0.0163                  0.0689             0.0000000000
  1000            0.0486                 0.0205                  0.0691             0.0000000000
  1000            0.0469                 0.0237                  0.0706             0.0000000000
  1000            0.0474                 0.0261                  0.0735             0.0000000000
  1000            0.0461                 0.0276                  0.0737             0.0000000000
  1000            0.0459                 0.0284                  0.0743             0.0000000000
  2000            0.3706                 0.0333                  0.4039             0.0000000001
  2000            0.2766                 0.0808                  0.3574             0.0000000001
  2000            0.2386                 0.1197                  0.3582             0.0000000001
  2000            0.2052                 0.1544                  0.3596             0.0000000001
  2000            0.1963                 0.1771                  0.3734             0.0000000001
  2000            0.2089                 0.1972                  0.4062             0.0000000001
  2000            0.1982                 0.2094                  0.4076             0.0000000001
  2000            0.1905                 0.2179                  0.4084             0.0000000001
  4000            2.9553                 0.2400                  3.1952             0.0000000002
  4000            2.0818                 0.6240                  2.7058             0.0000000002
  4000            1.7767                 0.9339                  2.7105             0.0000000002
  4000            1.4626                 1.2524                  2.7150             0.0000000002
  4000            1.3564                 1.5511                  2.9075             0.0000000002
  4000            1.3539                 1.8493                  3.2032             0.0000000002
  4000            1.2580                 1.9491                  3.2071             0.0000000002
  4000            1.0608                 2.1516                  3.2125             0.0000000002
  8000           29.2994                 2.0101                 31.3095             0.0000000000
  8000           18.0170                 8.0792                 26.0962             0.0000000000
  8000           13.5891                12.5268                 26.1159             0.0000000000
  8000            9.1272                17.0091                 26.1363             0.0000000000
  8000            8.7243                19.0184                 27.7428             0.0000000000
  8000            9.8431                21.4947                 31.3378             0.0000000000
  8000            8.7970                22.5598                 31.3568             0.0000000000
  8000            7.5343                23.8414                 31.3757             0.0000000000

real	0m35.689s
user	4m18.114s
sys	0m3.285s

Matrix multiplication times:
   N          COMM (secs)            COMP (secs)             TIME (secs)        F-norm of Error
-------  ---------------------  ----------------------  ---------------------  ------------------
  1000            0.0694                 0.0049                  0.0743             0.0000000000
  1000            0.0576                 0.0108                  0.0684             0.0000000000
  1000            0.0525                 0.0162                  0.0686             0.0000000000
  1000            0.0488                 0.0204                  0.0693             0.0000000000
  1000            0.0469                 0.0238                  0.0707             0.0000000000
  1000            0.0475                 0.0262                  0.0737             0.0000000000
  1000            0.0462                 0.0276                  0.0739             0.0000000000
  1000            0.0458                 0.0285                  0.0744             0.0000000000
  2000            0.3757                 0.0331                  0.4088             0.0000000001
  2000            0.2820                 0.0794                  0.3613             0.0000000001
  2000            0.2431                 0.1195                  0.3626             0.0000000001
  2000            0.2100                 0.1536                  0.3636             0.0000000001
  2000            0.1986                 0.1798                  0.3784             0.0000000001
  2000            0.2119                 0.1993                  0.4112             0.0000000001
  2000            0.2023                 0.2102                  0.4125             0.0000000001
  2000            0.1944                 0.2190                  0.4134             0.0000000001
  4000            2.9791                 0.2366                  3.2157             0.0000000002
  4000            2.1071                 0.6185                  2.7256             0.0000000002
  4000            1.8006                 0.9292                  2.7299             0.0000000002
  4000            1.4992                 1.2351                  2.7344             0.0000000002
  4000            1.3702                 1.5655                  2.9358             0.0000000002
  4000            1.3612                 1.8625                  3.2237             0.0000000002
  4000            1.2850                 1.9429                  3.2279             0.0000000002
  4000            1.0637                 2.1692                  3.2329             0.0000000002
  8000           29.5900                 2.0214                 31.6114             0.0000000000
  8000           18.1710                 8.2064                 26.3774             0.0000000000
  8000           14.0257                12.3703                 26.3961             0.0000000000
  8000            9.3688                17.0483                 26.4171             0.0000000000
  8000            8.9520                19.0531                 28.0051             0.0000000000
  8000            9.8739                21.7648                 31.6387             0.0000000000
  8000            9.2506                22.4073                 31.6579             0.0000000000
  8000            7.5593                24.1179                 31.6772             0.0000000000

real	0m36.009s
user	4m20.627s
sys	0m3.302s
