
Currently Loaded Modules:
  1) StdEnv                                           (S)
  2) GCCcore/7.3.0
  3) binutils/2.30-GCCcore-7.3.0
  4) icc/2018.3.222-GCC-7.3.0-2.30
  5) ifort/2018.3.222-GCC-7.3.0-2.30
  6) iccifort/2018.3.222-GCC-7.3.0-2.30
  7) zlib/1.2.11-GCCcore-7.3.0
  8) numactl/2.0.11-GCCcore-7.3.0
  9) XZ/5.2.4-GCCcore-7.3.0
 10) libxml2/2.9.8-GCCcore-7.3.0
 11) libpciaccess/0.14-GCCcore-7.3.0
 12) hwloc/1.11.10-GCCcore-7.3.0
 13) OpenMPI/3.1.1-iccifort-2018.3.222-GCC-7.3.0-2.30

  Where:
   S:  Module is Sticky, requires --force to unload or purge

 

/home/cpsc424_yl2335/project/yl2335_ps4_cpsc424
c04n04
8
make: `task3' is up to date.

p = 8

Matrix multiplication times:
   N          COMM (secs)            COMP (secs)             TIME (secs)        F-norm of Error
-------  ---------------------  ----------------------  ---------------------  ------------------
  8000           30.6823                 1.9111                 32.5935             0.0000000000
  8000           19.7444                 6.3740                 26.1184             0.0000000000
  8000           14.7615                11.3814                 26.1429             0.0000000000
  8000           11.7030                14.4638                 26.1668             0.0000000000
  8000            7.8252                20.7912                 28.6164             0.0000000000
  8000            9.8220                22.7191                 32.5411             0.0000000000
  8000            8.2681                24.2994                 32.5676             0.0000000000
  8000            7.7987                24.7948                 32.5935             0.0000000000

real	0m33.319s
user	3m57.163s
sys	0m2.518s

Matrix multiplication times:
   N          COMM (secs)            COMP (secs)             TIME (secs)        F-norm of Error
-------  ---------------------  ----------------------  ---------------------  ------------------
  8000           30.5480                 1.9066                 32.4545             0.0000000000
  8000           19.5459                 6.4493                 25.9952             0.0000000000
  8000           14.4965                11.5223                 26.0187             0.0000000000
  8000           11.4440                14.5989                 26.0429             0.0000000000
  8000            7.8430                20.6092                 28.4523             0.0000000000
  8000            9.7867                22.6160                 32.4027             0.0000000000
  8000            8.3724                24.0562                 32.4286             0.0000000000
  8000            7.7770                24.6776                 32.4546             0.0000000000

real	0m33.063s
user	3m55.930s
sys	0m2.593s

Matrix multiplication times:
   N          COMM (secs)            COMP (secs)             TIME (secs)        F-norm of Error
-------  ---------------------  ----------------------  ---------------------  ------------------
  8000           30.5320                 1.9252                 32.4572             0.0000000000
  8000           19.6269                 6.3683                 25.9952             0.0000000000
  8000           14.5479                11.4717                 26.0196             0.0000000000
  8000           11.5324                14.5112                 26.0436             0.0000000000
  8000            7.8361                20.6176                 28.4536             0.0000000000
  8000            9.7912                22.6135                 32.4047             0.0000000000
  8000            8.3351                24.0961                 32.4312             0.0000000000
  8000            7.7810                24.6763                 32.4573             0.0000000000

real	0m33.072s
user	3m55.976s
sys	0m2.561s
