
Currently Loaded Modules:
  1) StdEnv                                           (S)
  2) GCCcore/7.3.0
  3) binutils/2.30-GCCcore-7.3.0
  4) icc/2018.3.222-GCC-7.3.0-2.30
  5) ifort/2018.3.222-GCC-7.3.0-2.30
  6) iccifort/2018.3.222-GCC-7.3.0-2.30
  7) zlib/1.2.11-GCCcore-7.3.0
  8) numactl/2.0.11-GCCcore-7.3.0
  9) XZ/5.2.4-GCCcore-7.3.0
 10) libxml2/2.9.8-GCCcore-7.3.0
 11) libpciaccess/0.14-GCCcore-7.3.0
 12) hwloc/1.11.10-GCCcore-7.3.0
 13) OpenMPI/3.1.1-iccifort-2018.3.222-GCC-7.3.0-2.30

  Where:
   S:  Module is Sticky, requires --force to unload or purge

 

/home/cpsc424_yl2335/project/yl2335_ps4_cpsc424
c04n[01-02]
4
make: `task2' is up to date.

p = 8

Matrix multiplication times:
   N          COMM (secs)            COMP (secs)             TIME (secs)        F-norm of Error
-------  ---------------------  ----------------------  ---------------------  ------------------
  8000           31.7107                 1.7635                 33.4742             0.0000000000
  8000           22.8800                 4.7593                 27.6394             0.0000000000
  8000           18.3818                 9.9322                 28.3140             0.0000000000
  8000           17.3198                13.7052                 31.0251             0.0000000000
  8000           14.9288                17.3883                 32.3171             0.0000000000
  8000           13.6628                19.3710                 33.0339             0.0000000000
  8000           10.5040                22.9441                 33.4481             0.0000000000
  8000           10.1357                23.3384                 33.4740             0.0000000000

real	0m34.279s
user	2m0.393s
sys	0m1.501s

Matrix multiplication times:
   N          COMM (secs)            COMP (secs)             TIME (secs)        F-norm of Error
-------  ---------------------  ----------------------  ---------------------  ------------------
  8000           31.7013                 1.7517                 33.4530             0.0000000000
  8000           22.8421                 4.7938                 27.6359             0.0000000000
  8000           18.3938                 9.8966                 28.2903             0.0000000000
  8000           17.2919                13.7002                 30.9921             0.0000000000
  8000           14.8630                17.4249                 32.2879             0.0000000000
  8000           13.6689                19.3312                 33.0002             0.0000000000
  8000           10.5074                22.9196                 33.4270             0.0000000000
  8000           10.1278                23.3251                 33.4529             0.0000000000

real	0m34.282s
user	2m0.304s
sys	0m1.511s

Matrix multiplication times:
   N          COMM (secs)            COMP (secs)             TIME (secs)        F-norm of Error
-------  ---------------------  ----------------------  ---------------------  ------------------
  8000           31.7226                 1.7634                 33.4860             0.0000000000
  8000           22.8933                 4.7699                 27.6632             0.0000000000
  8000           18.4604                 9.8614                 28.3218             0.0000000000
  8000           17.3238                13.7041                 31.0279             0.0000000000
  8000           14.8810                17.4371                 32.3181             0.0000000000
  8000           13.6688                19.3542                 33.0230             0.0000000000
  8000           10.4977                22.9624                 33.4601             0.0000000000
  8000           10.1344                23.3516                 33.4860             0.0000000000

real	0m34.324s
user	2m0.422s
sys	0m1.513s
