
Currently Loaded Modules:
  1) StdEnv                                           (S)
  2) GCCcore/7.3.0
  3) binutils/2.30-GCCcore-7.3.0
  4) icc/2018.3.222-GCC-7.3.0-2.30
  5) ifort/2018.3.222-GCC-7.3.0-2.30
  6) iccifort/2018.3.222-GCC-7.3.0-2.30
  7) zlib/1.2.11-GCCcore-7.3.0
  8) numactl/2.0.11-GCCcore-7.3.0
  9) XZ/5.2.4-GCCcore-7.3.0
 10) libxml2/2.9.8-GCCcore-7.3.0
 11) libpciaccess/0.14-GCCcore-7.3.0
 12) hwloc/1.11.10-GCCcore-7.3.0
 13) OpenMPI/3.1.1-iccifort-2018.3.222-GCC-7.3.0-2.30

  Where:
   S:  Module is Sticky, requires --force to unload or purge

 

/home/cpsc424_yl2335/project/yl2335_ps4_cpsc424
c04n09
8
make: `task4' is up to date.

p = 8

Matrix multiplication times:
   N          COMM (secs)            COMP (secs)             TIME (secs)        F-norm of Error
-------  ---------------------  ----------------------  ---------------------  ------------------
  8000            2.6645                21.2273                 23.8918             0.0000000007
  8000            2.9240                20.8677                 23.7917             0.0000000007
  8000            4.6099                19.2034                 23.8133             0.0000000007
  8000            5.9703                17.8609                 23.8313             0.0000000007
  8000            7.8613                15.9873                 23.8486             0.0000000007
  8000            8.8104                15.0542                 23.8645             0.0000000007
  8000            9.7431                14.1357                 23.8788             0.0000000007
  8000           10.8493                13.0424                 23.8918             0.0000000007

real	0m24.503s
user	3m10.185s
sys	0m2.102s

Matrix multiplication times:
   N          COMM (secs)            COMP (secs)             TIME (secs)        F-norm of Error
-------  ---------------------  ----------------------  ---------------------  ------------------
  8000            2.5882                21.3122                 23.9004             0.0000000007
  8000            2.9330                20.8675                 23.8005             0.0000000007
  8000            4.6819                19.1397                 23.8216             0.0000000007
  8000            6.0317                17.8080                 23.8397             0.0000000007
  8000            7.9399                15.9176                 23.8575             0.0000000007
  8000            8.8416                15.0314                 23.8730             0.0000000007
  8000            9.7404                14.1470                 23.8874             0.0000000007
  8000           10.8883                13.0121                 23.9004             0.0000000007

real	0m24.514s
user	3m10.190s
sys	0m2.174s

Matrix multiplication times:
   N          COMM (secs)            COMP (secs)             TIME (secs)        F-norm of Error
-------  ---------------------  ----------------------  ---------------------  ------------------
  8000            2.6718                21.2209                 23.8927             0.0000000007
  8000            2.9368                20.8555                 23.7923             0.0000000007
  8000            4.6422                19.1716                 23.8138             0.0000000007
  8000            5.9696                17.8624                 23.8319             0.0000000007
  8000            7.8985                15.9508                 23.8493             0.0000000007
  8000            8.8475                15.0179                 23.8653             0.0000000007
  8000            9.7426                14.1371                 23.8797             0.0000000007
  8000           10.8594                13.0334                 23.8928             0.0000000007

real	0m24.507s
user	3m10.112s
sys	0m2.186s
