
Currently Loaded Modules:
  1) StdEnv                                           (S)
  2) GCCcore/7.3.0
  3) binutils/2.30-GCCcore-7.3.0
  4) icc/2018.3.222-GCC-7.3.0-2.30
  5) ifort/2018.3.222-GCC-7.3.0-2.30
  6) iccifort/2018.3.222-GCC-7.3.0-2.30
  7) zlib/1.2.11-GCCcore-7.3.0
  8) numactl/2.0.11-GCCcore-7.3.0
  9) XZ/5.2.4-GCCcore-7.3.0
 10) libxml2/2.9.8-GCCcore-7.3.0
 11) libpciaccess/0.14-GCCcore-7.3.0
 12) hwloc/1.11.10-GCCcore-7.3.0
 13) OpenMPI/3.1.1-iccifort-2018.3.222-GCC-7.3.0-2.30

  Where:
   S:  Module is Sticky, requires --force to unload or purge

 

/home/cpsc424_yl2335/project/yl2335_ps4_cpsc424
c03n09,c04n10
4
make: `task4' is up to date.

p = 8

Matrix multiplication times:
   N          COMM (secs)            COMP (secs)             TIME (secs)        F-norm of Error
-------  ---------------------  ----------------------  ---------------------  ------------------
  8000            3.6506                16.7710                 20.4217             0.0000000007
  8000            3.2435                17.0742                 20.3177             0.0000000007
  8000            3.6889                16.6523                 20.3412             0.0000000007
  8000            4.5103                15.8503                 20.3606             0.0000000007
  8000            5.6502                14.7270                 20.3771             0.0000000007
  8000            6.4614                13.9319                 20.3933             0.0000000007
  8000            7.2303                13.1772                 20.4075             0.0000000007
  8000            7.9398                12.4817                 20.4215             0.0000000007

real	0m21.229s
user	1m21.033s
sys	0m1.375s

Matrix multiplication times:
   N          COMM (secs)            COMP (secs)             TIME (secs)        F-norm of Error
-------  ---------------------  ----------------------  ---------------------  ------------------
  8000            3.5444                16.8346                 20.3790             0.0000000007
  8000            3.1630                17.1117                 20.2747             0.0000000007
  8000            3.6229                16.6752                 20.2981             0.0000000007
  8000            4.4471                15.8707                 20.3178             0.0000000007
  8000            5.5872                14.7471                 20.3343             0.0000000007
  8000            6.4201                13.9305                 20.3506             0.0000000007
  8000            7.2323                13.1324                 20.3647             0.0000000007
  8000            7.9583                12.4206                 20.3789             0.0000000007

real	0m21.220s
user	1m20.809s
sys	0m1.420s

Matrix multiplication times:
   N          COMM (secs)            COMP (secs)             TIME (secs)        F-norm of Error
-------  ---------------------  ----------------------  ---------------------  ------------------
  8000            3.6112                16.7602                 20.3714             0.0000000007
  8000            3.1844                17.0828                 20.2671             0.0000000007
  8000            3.5958                16.6949                 20.2906             0.0000000007
  8000            4.4179                15.8922                 20.3101             0.0000000007
  8000            5.5642                14.7626                 20.3268             0.0000000007
  8000            6.3659                13.9771                 20.3430             0.0000000007
  8000            7.2789                13.0784                 20.3572             0.0000000007
  8000            7.9725                12.3988                 20.3714             0.0000000007

real	0m21.195s
user	1m20.793s
sys	0m1.423s
