
Currently Loaded Modules:
  1) StdEnv                                           (S)
  2) GCCcore/7.3.0
  3) binutils/2.30-GCCcore-7.3.0
  4) icc/2018.3.222-GCC-7.3.0-2.30
  5) ifort/2018.3.222-GCC-7.3.0-2.30
  6) iccifort/2018.3.222-GCC-7.3.0-2.30
  7) zlib/1.2.11-GCCcore-7.3.0
  8) numactl/2.0.11-GCCcore-7.3.0
  9) XZ/5.2.4-GCCcore-7.3.0
 10) libxml2/2.9.8-GCCcore-7.3.0
 11) libpciaccess/0.14-GCCcore-7.3.0
 12) hwloc/1.11.10-GCCcore-7.3.0
 13) OpenMPI/3.1.1-iccifort-2018.3.222-GCC-7.3.0-2.30

  Where:
   S:  Module is Sticky, requires --force to unload or purge

 

/home/cpsc424_yl2335/project/yl2335_ps4_cpsc424
c03n[09,11-12],c04n02
2
mpicc -g -O3 -xHost -fno-alias -std=c99 -I/home/cpsc424_ahs3/utils/timing -c task5.c
mpicc -o task5 -g -O3 -xHost -fno-alias -std=c99 -I/home/cpsc424_ahs3/utils/timing task5.o matmul.o /home/cpsc424_ahs3/utils/timing/timing.o

p = 7

Matrix multiplication times:
   N          COMM (secs)            COMP (secs)             TIME (secs)        F-norm of Error
-------  ---------------------  ----------------------  ---------------------  ------------------
  7633            2.6383                13.9591                 16.5975             0.0000000008
  7633            2.4790                14.0254                 16.5044             0.0000000008
  7633            3.1477                13.3787                 16.5265             0.0000000008
  7633            3.6457                12.9008                 16.5465             0.0000000008
  7633            4.6544                11.9128                 16.5672             0.0000000008
  7633            5.2152                11.3682                 16.5835             0.0000000008
  7633            6.1581                10.4393                 16.5974             0.0000000008

real	0m17.440s
user	0m32.821s
sys	0m0.933s

Matrix multiplication times:
   N          COMM (secs)            COMP (secs)             TIME (secs)        F-norm of Error
-------  ---------------------  ----------------------  ---------------------  ------------------
  7633            2.6478                13.9418                 16.5896             0.0000000008
  7633            2.4926                14.0041                 16.4967             0.0000000008
  7633            3.1345                13.3844                 16.5189             0.0000000008
  7633            3.6560                12.8825                 16.5386             0.0000000008
  7633            4.7001                11.8595                 16.5596             0.0000000008
  7633            5.1944                11.3814                 16.5758             0.0000000008
  7633            6.1559                10.4337                 16.5896             0.0000000008

real	0m17.378s
user	0m32.817s
sys	0m0.919s

Matrix multiplication times:
   N          COMM (secs)            COMP (secs)             TIME (secs)        F-norm of Error
-------  ---------------------  ----------------------  ---------------------  ------------------
  7633            2.5964                13.9703                 16.5667             0.0000000008
  7633            2.4767                13.9985                 16.4752             0.0000000008
  7633            3.1588                13.3382                 16.4970             0.0000000008
  7633            3.6311                12.8855                 16.5165             0.0000000008
  7633            4.7280                11.8088                 16.5368             0.0000000008
  7633            5.1427                11.4103                 16.5530             0.0000000008
  7633            6.1359                10.4306                 16.5666             0.0000000008

real	0m17.319s
user	0m32.778s
sys	0m0.913s
