
Currently Loaded Modules:
  1) StdEnv                                           (S)
  2) GCCcore/7.3.0
  3) binutils/2.30-GCCcore-7.3.0
  4) icc/2018.3.222-GCC-7.3.0-2.30
  5) ifort/2018.3.222-GCC-7.3.0-2.30
  6) iccifort/2018.3.222-GCC-7.3.0-2.30
  7) zlib/1.2.11-GCCcore-7.3.0
  8) numactl/2.0.11-GCCcore-7.3.0
  9) XZ/5.2.4-GCCcore-7.3.0
 10) libxml2/2.9.8-GCCcore-7.3.0
 11) libpciaccess/0.14-GCCcore-7.3.0
 12) hwloc/1.11.10-GCCcore-7.3.0
 13) OpenMPI/3.1.1-iccifort-2018.3.222-GCC-7.3.0-2.30

  Where:
   S:  Module is Sticky, requires --force to unload or purge

 

/home/cpsc424_yl2335/project/yl2335_ps4_cpsc424
c03n09
8
make: `task2' is up to date.

p = 8

Matrix multiplication times:
   N          COMM (secs)            COMP (secs)             TIME (secs)        F-norm of Error
-------  ---------------------  ----------------------  ---------------------  ------------------
  8000           32.8657                 1.8207                 34.6864             0.0000000000
  8000           22.7932                 6.1432                 28.9364             0.0000000000
  8000           18.6565                11.0463                 29.7028             0.0000000000
  8000           16.7576                15.3715                 32.1291             0.0000000000
  8000           13.3239                19.8595                 33.1833             0.0000000000
  8000           11.7002                22.2584                 33.9586             0.0000000000
  8000           10.8276                23.8332                 34.6608             0.0000000000
  8000           10.6114                24.0751                 34.6865             0.0000000000

real	0m35.307s
user	4m21.620s
sys	0m2.370s

Matrix multiplication times:
   N          COMM (secs)            COMP (secs)             TIME (secs)        F-norm of Error
-------  ---------------------  ----------------------  ---------------------  ------------------
  8000           32.9579                 1.8042                 34.7621             0.0000000000
  8000           22.9339                 6.0793                 29.0132             0.0000000000
  8000           18.8018                10.9806                 29.7824             0.0000000000
  8000           16.7733                15.4462                 32.2196             0.0000000000
  8000           13.3183                19.9819                 33.3002             0.0000000000
  8000           11.7695                22.2957                 34.0651             0.0000000000
  8000           10.9553                23.7807                 34.7360             0.0000000000
  8000           10.7009                24.0612                 34.7621             0.0000000000

real	0m35.373s
user	4m22.386s
sys	0m2.294s

Matrix multiplication times:
   N          COMM (secs)            COMP (secs)             TIME (secs)        F-norm of Error
-------  ---------------------  ----------------------  ---------------------  ------------------
  8000           32.9123                 1.8078                 34.7201             0.0000000000
  8000           22.8429                 6.0851                 28.9281             0.0000000000
  8000           18.7021                10.9888                 29.6909             0.0000000000
  8000           16.8368                15.2907                 32.1275             0.0000000000
  8000           13.2753                19.9828                 33.2581             0.0000000000
  8000           11.7382                22.2826                 34.0208             0.0000000000
  8000           10.9179                23.7765                 34.6945             0.0000000000
  8000           10.6492                24.0709                 34.7201             0.0000000000

real	0m35.332s
user	4m21.972s
sys	0m2.230s
