
Currently Loaded Modules:
  1) StdEnv                                           (S)
  2) GCCcore/7.3.0
  3) binutils/2.30-GCCcore-7.3.0
  4) icc/2018.3.222-GCC-7.3.0-2.30
  5) ifort/2018.3.222-GCC-7.3.0-2.30
  6) iccifort/2018.3.222-GCC-7.3.0-2.30
  7) zlib/1.2.11-GCCcore-7.3.0
  8) numactl/2.0.11-GCCcore-7.3.0
  9) XZ/5.2.4-GCCcore-7.3.0
 10) libxml2/2.9.8-GCCcore-7.3.0
 11) libpciaccess/0.14-GCCcore-7.3.0
 12) hwloc/1.11.10-GCCcore-7.3.0
 13) OpenMPI/3.1.1-iccifort-2018.3.222-GCC-7.3.0-2.30

  Where:
   S:  Module is Sticky, requires --force to unload or purge

 

/home/cpsc424_yl2335/project/yl2335_ps4_cpsc424
c03n[10,12]
4
make: `task3' is up to date.

p = 8

Matrix multiplication times:
   N          COMM (secs)            COMP (secs)             TIME (secs)        F-norm of Error
-------  ---------------------  ----------------------  ---------------------  ------------------
  8000           29.7386                 1.7589                 31.4976             0.0000000000
  8000           20.1419                 4.8596                 25.0015             0.0000000000
  8000           14.7332                10.2951                 25.0282             0.0000000000
  8000           12.3133                13.8755                 26.1889             0.0000000000
  8000            9.8962                17.5714                 27.4676             0.0000000000
  8000           11.9095                19.5365                 31.4459             0.0000000000
  8000            8.4667                23.0047                 31.4713             0.0000000000
  8000            8.1320                23.3656                 31.4976             0.0000000000

real	0m32.296s
user	1m47.687s
sys	0m1.635s

Matrix multiplication times:
   N          COMM (secs)            COMP (secs)             TIME (secs)        F-norm of Error
-------  ---------------------  ----------------------  ---------------------  ------------------
  8000           29.6869                 1.7716                 31.4585             0.0000000000
  8000           20.1428                 4.8102                 24.9530             0.0000000000
  8000           14.6747                10.3047                 24.9794             0.0000000000
  8000           12.2727                13.8859                 26.1586             0.0000000000
  8000            9.8395                17.6118                 27.4513             0.0000000000
  8000           11.8675                19.5391                 31.4066             0.0000000000
  8000            8.3575                23.0749                 31.4324             0.0000000000
  8000            8.1464                23.3122                 31.4586             0.0000000000

real	0m32.259s
user	1m47.637s
sys	0m1.549s

Matrix multiplication times:
   N          COMM (secs)            COMP (secs)             TIME (secs)        F-norm of Error
-------  ---------------------  ----------------------  ---------------------  ------------------
  8000           29.7483                 1.7606                 31.5088             0.0000000000
  8000           20.1467                 4.8485                 24.9951             0.0000000000
  8000           14.7552                10.2661                 25.0213             0.0000000000
  8000           12.3067                13.8765                 26.1832             0.0000000000
  8000            9.8405                17.6492                 27.4897             0.0000000000
  8000           11.8983                19.5586                 31.4569             0.0000000000
  8000            8.4681                23.0147                 31.4828             0.0000000000
  8000            8.1495                23.3593                 31.5089             0.0000000000

real	0m32.305s
user	1m47.736s
sys	0m1.582s
