
Currently Loaded Modules:
  1) StdEnv                                           (S)
  2) GCCcore/7.3.0
  3) binutils/2.30-GCCcore-7.3.0
  4) icc/2018.3.222-GCC-7.3.0-2.30
  5) ifort/2018.3.222-GCC-7.3.0-2.30
  6) iccifort/2018.3.222-GCC-7.3.0-2.30
  7) zlib/1.2.11-GCCcore-7.3.0
  8) numactl/2.0.11-GCCcore-7.3.0
  9) XZ/5.2.4-GCCcore-7.3.0
 10) libxml2/2.9.8-GCCcore-7.3.0
 11) libpciaccess/0.14-GCCcore-7.3.0
 12) hwloc/1.11.10-GCCcore-7.3.0
 13) OpenMPI/3.1.1-iccifort-2018.3.222-GCC-7.3.0-2.30

  Where:
   S:  Module is Sticky, requires --force to unload or purge

 

/home/cpsc424_yl2335/project/yl2335_ps4_cpsc424
c04n[07-10]
2
make: `task2' is up to date.

p = 8

Matrix multiplication times:
   N          COMM (secs)            COMP (secs)             TIME (secs)        F-norm of Error
-------  ---------------------  ----------------------  ---------------------  ------------------
  8000           30.1249                 1.7567                 31.8816             0.0000000000
  8000           21.3732                 4.8023                 26.1756             0.0000000000
  8000           18.0922                 8.7350                 26.8272             0.0000000000
  8000           16.4230                12.9519                 29.3749             0.0000000000
  8000           14.1587                16.0407                 30.1995             0.0000000000
  8000           11.8494                19.2381                 31.0875             0.0000000000
  8000           11.8086                20.0471                 31.8557             0.0000000000
  8000           10.2619                21.6197                 31.8816             0.0000000000

real	0m32.755s
user	0m58.046s
sys	0m0.907s

Matrix multiplication times:
   N          COMM (secs)            COMP (secs)             TIME (secs)        F-norm of Error
-------  ---------------------  ----------------------  ---------------------  ------------------
  8000           30.1588                 1.7562                 31.9150             0.0000000000
  8000           21.4135                 4.7904                 26.2038             0.0000000000
  8000           18.0725                 8.8126                 26.8851             0.0000000000
  8000           16.4635                12.9424                 29.4059             0.0000000000
  8000           14.1833                16.0535                 30.2368             0.0000000000
  8000           11.9171                19.1882                 31.1053             0.0000000000
  8000           11.8478                20.0414                 31.8892             0.0000000000
  8000           10.2739                21.6410                 31.9150             0.0000000000

real	0m32.717s
user	0m58.077s
sys	0m0.939s

Matrix multiplication times:
   N          COMM (secs)            COMP (secs)             TIME (secs)        F-norm of Error
-------  ---------------------  ----------------------  ---------------------  ------------------
  8000           30.1650                 1.7545                 31.9196             0.0000000000
  8000           21.4321                 4.7935                 26.2257             0.0000000000
  8000           18.1465                 8.7432                 26.8897             0.0000000000
  8000           16.4487                12.9734                 29.4221             0.0000000000
  8000           14.2016                16.0423                 30.2439             0.0000000000
  8000           11.8778                19.2610                 31.1388             0.0000000000
  8000           11.8653                20.0281                 31.8934             0.0000000000
  8000           10.2316                21.6879                 31.9195             0.0000000000

real	0m32.723s
user	0m58.099s
sys	0m0.940s
