
Currently Loaded Modules:
  1) StdEnv                                           (S)
  2) GCCcore/7.3.0
  3) binutils/2.30-GCCcore-7.3.0
  4) icc/2018.3.222-GCC-7.3.0-2.30
  5) ifort/2018.3.222-GCC-7.3.0-2.30
  6) iccifort/2018.3.222-GCC-7.3.0-2.30
  7) zlib/1.2.11-GCCcore-7.3.0
  8) numactl/2.0.11-GCCcore-7.3.0
  9) XZ/5.2.4-GCCcore-7.3.0
 10) libxml2/2.9.8-GCCcore-7.3.0
 11) libpciaccess/0.14-GCCcore-7.3.0
 12) hwloc/1.11.10-GCCcore-7.3.0
 13) OpenMPI/3.1.1-iccifort-2018.3.222-GCC-7.3.0-2.30

  Where:
   S:  Module is Sticky, requires --force to unload or purge

 

/home/cpsc424_yl2335/project/yl2335_ps4_cpsc424
c03n[09,12],c04n[03,09]
2
make: `task4' is up to date.

p = 8

Matrix multiplication times:
   N          COMM (secs)            COMP (secs)             TIME (secs)        F-norm of Error
-------  ---------------------  ----------------------  ---------------------  ------------------
  8000            2.8606                14.0254                 16.8859             0.0000000007
  8000            2.7027                14.0792                 16.7819             0.0000000007
  8000            3.4105                13.3936                 16.8041             0.0000000007
  8000            3.7513                13.0732                 16.8245             0.0000000007
  8000            4.6416                12.1995                 16.8412             0.0000000007
  8000            5.0534                11.8044                 16.8578             0.0000000007
  8000            5.9760                10.8959                 16.8719             0.0000000007
  8000            6.3350                10.5509                 16.8859             0.0000000007

real	0m17.673s
user	0m33.389s
sys	0m0.959s

Matrix multiplication times:
   N          COMM (secs)            COMP (secs)             TIME (secs)        F-norm of Error
-------  ---------------------  ----------------------  ---------------------  ------------------
  8000            2.9206                13.9956                 16.9162             0.0000000007
  8000            2.7099                14.1015                 16.8114             0.0000000007
  8000            3.3889                13.4450                 16.8338             0.0000000007
  8000            3.7576                13.0966                 16.8542             0.0000000007
  8000            4.6975                12.1739                 16.8714             0.0000000007
  8000            5.0713                11.8164                 16.8877             0.0000000007
  8000            5.9952                10.9068                 16.9019             0.0000000007
  8000            6.4120                10.5042                 16.9162             0.0000000007

real	0m17.700s
user	0m33.427s
sys	0m0.984s

Matrix multiplication times:
   N          COMM (secs)            COMP (secs)             TIME (secs)        F-norm of Error
-------  ---------------------  ----------------------  ---------------------  ------------------
  8000            3.0445                13.9823                 17.0268             0.0000000007
  8000            2.7974                14.1254                 16.9228             0.0000000007
  8000            3.5157                13.4293                 16.9450             0.0000000007
  8000            3.9428                13.0224                 16.9652             0.0000000007
  8000            4.8033                12.1787                 16.9819             0.0000000007
  8000            5.2244                11.7741                 16.9985             0.0000000007
  8000            6.0932                10.9195                 17.0127             0.0000000007
  8000            6.5093                10.5173                 17.0267             0.0000000007

real	0m17.847s
user	0m33.669s
sys	0m0.961s
