
Currently Loaded Modules:
  1) StdEnv                                           (S)
  2) GCCcore/7.3.0
  3) binutils/2.30-GCCcore-7.3.0
  4) icc/2018.3.222-GCC-7.3.0-2.30
  5) ifort/2018.3.222-GCC-7.3.0-2.30
  6) iccifort/2018.3.222-GCC-7.3.0-2.30
  7) zlib/1.2.11-GCCcore-7.3.0
  8) numactl/2.0.11-GCCcore-7.3.0
  9) XZ/5.2.4-GCCcore-7.3.0
 10) libxml2/2.9.8-GCCcore-7.3.0
 11) libpciaccess/0.14-GCCcore-7.3.0
 12) hwloc/1.11.10-GCCcore-7.3.0
 13) OpenMPI/3.1.1-iccifort-2018.3.222-GCC-7.3.0-2.30

  Where:
   S:  Module is Sticky, requires --force to unload or purge

 

/home/cpsc424_yl2335/project/yl2335_ps4_cpsc424
c03n11
8
mpicc -g -O3 -xHost -fno-alias -std=c99 -I/home/cpsc424_ahs3/utils/timing -c task2.c
mpicc -o task2 -g -O3 -xHost -fno-alias -std=c99 -I/home/cpsc424_ahs3/utils/timing task2.o matmul.o /home/cpsc424_ahs3/utils/timing/timing.o

p = 1

Matrix multiplication times:
   N          COMM (secs)            COMP (secs)             TIME (secs)        F-norm of Error
-------  ---------------------  ----------------------  ---------------------  ------------------
  1000            0.0335                 0.1523                  0.1858             0.0000000000
  2000            0.1330                 1.1776                  1.3105             0.0000000000
  4000            0.5325                14.2277                 14.7601             0.0000000000
  8000            2.1319               120.5264                122.6584             0.0000000000

real	2m19.545s
user	2m18.393s
sys	0m1.082s

Matrix multiplication times:
   N          COMM (secs)            COMP (secs)             TIME (secs)        F-norm of Error
-------  ---------------------  ----------------------  ---------------------  ------------------
  1000            0.0330                 0.1519                  0.1849             0.0000000000
  2000            0.1325                 1.1770                  1.3095             0.0000000000
  4000            0.5329                14.2399                 14.7728             0.0000000000
  8000            2.1318               120.5692                122.7010             0.0000000000

real	2m19.605s
user	2m18.435s
sys	0m1.096s

Matrix multiplication times:
   N          COMM (secs)            COMP (secs)             TIME (secs)        F-norm of Error
-------  ---------------------  ----------------------  ---------------------  ------------------
  1000            0.0329                 0.1519                  0.1848             0.0000000000
  2000            0.1322                 1.1769                  1.3091             0.0000000000
  4000            0.5324                14.2314                 14.7638             0.0000000000
  8000            2.1306               120.5976                122.7282             0.0000000000

real	2m19.625s
user	2m18.429s
sys	0m1.120s

p = 2

Matrix multiplication times:
   N          COMM (secs)            COMP (secs)             TIME (secs)        F-norm of Error
-------  ---------------------  ----------------------  ---------------------  ------------------
  1000            0.0990                 0.0513                  0.1503             0.0000000000
  1000            0.0463                 0.1040                  0.1503             0.0000000000
  2000            0.5701                 0.3844                  0.9545             0.0000000000
  2000            0.1556                 0.8030                  0.9586             0.0000000000
  4000            6.7240                 4.0656                 10.7895             0.0000000000
  4000            0.8748                 9.9313                 10.8061             0.0000000000
  8000           48.9192                39.9148                 88.8340             0.0000000000
  8000            3.1435                85.7563                 88.8998             0.0000000000

real	1m41.369s
user	3m20.747s
sys	0m1.457s

Matrix multiplication times:
   N          COMM (secs)            COMP (secs)             TIME (secs)        F-norm of Error
-------  ---------------------  ----------------------  ---------------------  ------------------
  1000            0.0974                 0.0511                  0.1486             0.0000000000
  1000            0.0457                 0.1029                  0.1486             0.0000000000
  2000            0.5662                 0.3829                  0.9491             0.0000000000
  2000            0.1501                 0.8029                  0.9530             0.0000000000
  4000            6.6792                 4.0586                 10.7378             0.0000000000
  4000            0.8643                 9.8903                 10.7546             0.0000000000
  8000           48.8833                39.8808                 88.7642             0.0000000000
  8000            3.0778                85.7523                 88.8301             0.0000000000

real	1m41.239s
user	3m20.480s
sys	0m1.465s

Matrix multiplication times:
   N          COMM (secs)            COMP (secs)             TIME (secs)        F-norm of Error
-------  ---------------------  ----------------------  ---------------------  ------------------
  1000            0.0995                 0.0505                  0.1500             0.0000000000
  1000            0.0471                 0.1029                  0.1500             0.0000000000
  2000            0.5664                 0.3878                  0.9542             0.0000000000
  2000            0.1557                 0.8026                  0.9584             0.0000000000
  4000            6.7061                 4.0649                 10.7709             0.0000000000
  4000            0.8686                 9.9199                 10.7886             0.0000000000
  8000           48.8153                39.9575                 88.7727             0.0000000000
  8000            3.0992                85.7399                 88.8391             0.0000000000

real	1m41.294s
user	3m20.579s
sys	0m1.465s

p = 4

Matrix multiplication times:
   N          COMM (secs)            COMP (secs)             TIME (secs)        F-norm of Error
-------  ---------------------  ----------------------  ---------------------  ------------------
  1000            0.0853                 0.0164                  0.1016             0.0000000000
  1000            0.0608                 0.0368                  0.0976             0.0000000000
  1000            0.0518                 0.0494                  0.1012             0.0000000000
  1000            0.0457                 0.0559                  0.1016             0.0000000000
  2000            0.5659                 0.1128                  0.6787             0.0000000000
  2000            0.3597                 0.2732                  0.6330             0.0000000000
  2000            0.3042                 0.3765                  0.6807             0.0000000000
  2000            0.2590                 0.4240                  0.6830             0.0000000000
  4000            5.2951                 0.8442                  6.1392             0.0000000000
  4000            3.1545                 2.3206                  5.4750             0.0000000000
  4000            2.7059                 3.4411                  6.1470             0.0000000000
  4000            1.9128                 4.2439                  6.1567             0.0000000000
  8000           52.8510                 9.4759                 62.3269             0.0000000000
  8000           26.0767                29.6401                 55.7167             0.0000000000
  8000           20.2969                42.0567                 62.3536             0.0000000000
  8000           18.1081                44.2849                 62.3929             0.0000000000

real	1m9.924s
user	4m29.197s
sys	0m2.049s

Matrix multiplication times:
   N          COMM (secs)            COMP (secs)             TIME (secs)        F-norm of Error
-------  ---------------------  ----------------------  ---------------------  ------------------
  1000            0.0867                 0.0165                  0.1033             0.0000000000
  1000            0.0625                 0.0368                  0.0992             0.0000000000
  1000            0.0531                 0.0498                  0.1029             0.0000000000
  1000            0.0471                 0.0563                  0.1035             0.0000000000
  2000            0.5664                 0.1138                  0.6802             0.0000000000
  2000            0.3619                 0.2734                  0.6352             0.0000000000
  2000            0.3086                 0.3735                  0.6821             0.0000000000
  2000            0.2582                 0.4264                  0.6846             0.0000000000
  4000            5.2679                 0.8531                  6.1209             0.0000000000
  4000            3.1631                 2.2577                  5.4208             0.0000000000
  4000            2.6718                 3.4577                  6.1295             0.0000000000
  4000            1.8599                 4.2789                  6.1388             0.0000000000
  8000           50.9248                 9.8232                 60.7480             0.0000000000
  8000           26.2431                29.6006                 55.8437             0.0000000000
  8000           21.3155                39.4597                 60.7752             0.0000000000
  8000           16.3887                44.4259                 60.8145             0.0000000000

real	1m8.316s
user	4m24.448s
sys	0m2.054s

Matrix multiplication times:
   N          COMM (secs)            COMP (secs)             TIME (secs)        F-norm of Error
-------  ---------------------  ----------------------  ---------------------  ------------------
  1000            0.0881                 0.0164                  0.1045             0.0000000000
  1000            0.0643                 0.0359                  0.1002             0.0000000000
  1000            0.0539                 0.0500                  0.1039             0.0000000000
  1000            0.0482                 0.0562                  0.1044             0.0000000000
  2000            0.5690                 0.1134                  0.6824             0.0000000000
  2000            0.3658                 0.2697                  0.6355             0.0000000000
  2000            0.3083                 0.3760                  0.6844             0.0000000000
  2000            0.2605                 0.4265                  0.6870             0.0000000000
  4000            5.2923                 0.8434                  6.1357             0.0000000000
  4000            3.1816                 2.2581                  5.4398             0.0000000000
  4000            2.6877                 3.4560                  6.1437             0.0000000000
  4000            1.8575                 4.2961                  6.1537             0.0000000000
  8000           51.0418                 9.7926                 60.8343             0.0000000000
  8000           26.3503                29.5222                 55.8725             0.0000000000
  8000           21.1418                39.7193                 60.8611             0.0000000000
  8000           16.4762                44.4240                 60.9003             0.0000000000

real	1m8.415s
user	4m24.810s
sys	0m2.048s

p = 8

Matrix multiplication times:
   N          COMM (secs)            COMP (secs)             TIME (secs)        F-norm of Error
-------  ---------------------  ----------------------  ---------------------  ------------------
  1000            0.0721                 0.0049                  0.0770             0.0000000000
  1000            0.0623                 0.0108                  0.0731             0.0000000000
  1000            0.0575                 0.0162                  0.0737             0.0000000000
  1000            0.0537                 0.0204                  0.0741             0.0000000000
  1000            0.0514                 0.0238                  0.0753             0.0000000000
  1000            0.0500                 0.0259                  0.0760             0.0000000000
  1000            0.0491                 0.0277                  0.0768             0.0000000000
  1000            0.0488                 0.0283                  0.0771             0.0000000000
  2000            0.3822                 0.0343                  0.4164             0.0000000001
  2000            0.2978                 0.0799                  0.3777             0.0000000001
  2000            0.2628                 0.1198                  0.3827             0.0000000001
  2000            0.2483                 0.1545                  0.4028             0.0000000001
  2000            0.2285                 0.1792                  0.4076             0.0000000001
  2000            0.2169                 0.1973                  0.4142             0.0000000001
  2000            0.2094                 0.2105                  0.4199             0.0000000001
  2000            0.2033                 0.2178                  0.4211             0.0000000001
  4000            3.1200                 0.2354                  3.3554             0.0000000002
  4000            2.2839                 0.6152                  2.8991             0.0000000002
  4000            2.0160                 0.9282                  2.9442             0.0000000002
  4000            1.9304                 1.2143                  3.1447             0.0000000002
  4000            1.6800                 1.5416                  3.2216             0.0000000002
  4000            1.4899                 1.8030                  3.2929             0.0000000002
  4000            1.4319                 1.9365                  3.3684             0.0000000002
  4000            1.3218                 2.0506                  3.3724             0.0000000002
  8000           32.2323                 1.8511                 34.0834             0.0000000000
  8000           20.5369                 9.2177                 29.7546             0.0000000000
  8000           17.5335                12.8636                 30.3971             0.0000000000
  8000           15.2823                17.1057                 32.3880             0.0000000000
  8000           14.0832                19.2130                 33.2962             0.0000000000
  8000           12.1663                21.2920                 33.4583             0.0000000000
  8000           12.2605                21.8702                 34.1307             0.0000000000
  8000           11.2075                22.9423                 34.1498             0.0000000000

real	0m38.632s
user	4m50.351s
sys	0m2.921s

Matrix multiplication times:
   N          COMM (secs)            COMP (secs)             TIME (secs)        F-norm of Error
-------  ---------------------  ----------------------  ---------------------  ------------------
  1000            0.0723                 0.0049                  0.0772             0.0000000000
  1000            0.0624                 0.0109                  0.0733             0.0000000000
  1000            0.0577                 0.0163                  0.0741             0.0000000000
  1000            0.0540                 0.0203                  0.0743             0.0000000000
  1000            0.0512                 0.0239                  0.0751             0.0000000000
  1000            0.0506                 0.0261                  0.0767             0.0000000000
  1000            0.0491                 0.0277                  0.0769             0.0000000000
  1000            0.0489                 0.0282                  0.0771             0.0000000000
  2000            0.3837                 0.0330                  0.4167             0.0000000001
  2000            0.2980                 0.0795                  0.3775             0.0000000001
  2000            0.2632                 0.1199                  0.3831             0.0000000001
  2000            0.2505                 0.1525                  0.4030             0.0000000001
  2000            0.2272                 0.1819                  0.4091             0.0000000001
  2000            0.2163                 0.1982                  0.4144             0.0000000001
  2000            0.2089                 0.2116                  0.4205             0.0000000001
  2000            0.2043                 0.2172                  0.4215             0.0000000001
  4000            3.1198                 0.2365                  3.3564             0.0000000002
  4000            2.2762                 0.6136                  2.8898             0.0000000002
  4000            2.0067                 0.9281                  2.9348             0.0000000002
  4000            1.9372                 1.2036                  3.1409             0.0000000002
  4000            1.6785                 1.5421                  3.2206             0.0000000002
  4000            1.4772                 1.8153                  3.2925             0.0000000002
  4000            1.4280                 1.9406                  3.3686             0.0000000002
  4000            1.3294                 2.0442                  3.3736             0.0000000002
  8000           32.1934                 1.8575                 34.0510             0.0000000000
  8000           20.2137                 9.2176                 29.4313             0.0000000000
  8000           17.2421                12.7176                 29.9597             0.0000000000
  8000           15.9807                16.2457                 32.2264             0.0000000000
  8000           14.1504                19.1180                 33.2684             0.0000000000
  8000           11.9350                21.5542                 33.4892             0.0000000000
  8000           12.3070                21.7916                 34.0986             0.0000000000
  8000           10.9286                23.1891                 34.1177             0.0000000000

real	0m38.605s
user	4m49.185s
sys	0m3.086s

Matrix multiplication times:
   N          COMM (secs)            COMP (secs)             TIME (secs)        F-norm of Error
-------  ---------------------  ----------------------  ---------------------  ------------------
  1000            0.0732                 0.0049                  0.0781             0.0000000000
  1000            0.0630                 0.0108                  0.0739             0.0000000000
  1000            0.0579                 0.0163                  0.0742             0.0000000000
  1000            0.0552                 0.0204                  0.0756             0.0000000000
  1000            0.0520                 0.0238                  0.0759             0.0000000000
  1000            0.0515                 0.0259                  0.0774             0.0000000000
  1000            0.0501                 0.0276                  0.0777             0.0000000000
  1000            0.0498                 0.0283                  0.0781             0.0000000000
  2000            0.3820                 0.0331                  0.4151             0.0000000001
  2000            0.2974                 0.0798                  0.3773             0.0000000001
  2000            0.2628                 0.1202                  0.3830             0.0000000001
  2000            0.2474                 0.1545                  0.4019             0.0000000001
  2000            0.2285                 0.1791                  0.4076             0.0000000001
  2000            0.2154                 0.1978                  0.4132             0.0000000001
  2000            0.2089                 0.2101                  0.4189             0.0000000001
  2000            0.2024                 0.2175                  0.4199             0.0000000001
  4000            3.1129                 0.2362                  3.3491             0.0000000002
  4000            2.2740                 0.6161                  2.8901             0.0000000002
  4000            2.0043                 0.9301                  2.9343             0.0000000002
  4000            1.9204                 1.2176                  3.1380             0.0000000002
  4000            1.6810                 1.5335                  3.2145             0.0000000002
  4000            1.4808                 1.8072                  3.2880             0.0000000002
  4000            1.4344                 1.9274                  3.3618             0.0000000002
  4000            1.3193                 2.0470                  3.3663             0.0000000002
  8000           32.2148                 1.8662                 34.0810             0.0000000000
  8000           20.5963                 9.2073                 29.8036             0.0000000000
  8000           17.4108                13.0286                 30.4395             0.0000000000
  8000           15.3118                17.1060                 32.4179             0.0000000000
  8000           14.1478                19.1851                 33.3329             0.0000000000
  8000           12.1794                21.3095                 33.4889             0.0000000000
  8000           12.3866                21.7416                 34.1282             0.0000000000
  8000           11.1847                22.9631                 34.1478             0.0000000000

real	0m38.630s
user	4m50.487s
sys	0m2.933s
