
Currently Loaded Modules:
  1) StdEnv                                           (S)
  2) GCCcore/7.3.0
  3) binutils/2.30-GCCcore-7.3.0
  4) icc/2018.3.222-GCC-7.3.0-2.30
  5) ifort/2018.3.222-GCC-7.3.0-2.30
  6) iccifort/2018.3.222-GCC-7.3.0-2.30
  7) zlib/1.2.11-GCCcore-7.3.0
  8) numactl/2.0.11-GCCcore-7.3.0
  9) XZ/5.2.4-GCCcore-7.3.0
 10) libxml2/2.9.8-GCCcore-7.3.0
 11) libpciaccess/0.14-GCCcore-7.3.0
 12) hwloc/1.11.10-GCCcore-7.3.0
 13) OpenMPI/3.1.1-iccifort-2018.3.222-GCC-7.3.0-2.30

  Where:
   S:  Module is Sticky, requires --force to unload or purge

 

/home/cpsc424_yl2335/project/yl2335_ps4_cpsc424
c04n04
8
mpicc -g -O3 -xHost -fno-alias -std=c99 -I/home/cpsc424_ahs3/utils/timing -c task4.c
mpicc -o task4 -g -O3 -xHost -fno-alias -std=c99 -I/home/cpsc424_ahs3/utils/timing task4.o matmul.o /home/cpsc424_ahs3/utils/timing/timing.o

p = 1

Matrix multiplication times:
   N          COMM (secs)            COMP (secs)             TIME (secs)        F-norm of Error
-------  ---------------------  ----------------------  ---------------------  ------------------
  1000            0.0350                 0.1526                  0.1876             0.0000000000
  2000            0.1362                 1.1764                  1.3126             0.0000000000
  4000            0.5490                14.1664                 14.7154             0.0000000000
  8000            2.1934               119.6178                121.8112             0.0000000000

real	2m18.659s
user	2m17.482s
sys	0m1.113s

Matrix multiplication times:
   N          COMM (secs)            COMP (secs)             TIME (secs)        F-norm of Error
-------  ---------------------  ----------------------  ---------------------  ------------------
  1000            0.0343                 0.1529                  0.1872             0.0000000000
  2000            0.1342                 1.1765                  1.3107             0.0000000000
  4000            0.5333                14.1412                 14.6745             0.0000000000
  8000            2.1300               119.5424                121.6724             0.0000000000

real	2m18.479s
user	2m17.334s
sys	0m1.077s

Matrix multiplication times:
   N          COMM (secs)            COMP (secs)             TIME (secs)        F-norm of Error
-------  ---------------------  ----------------------  ---------------------  ------------------
  1000            0.0349                 0.1521                  0.1870             0.0000000000
  2000            0.1325                 1.1762                  1.3087             0.0000000000
  4000            0.5329                14.1656                 14.6985             0.0000000000
  8000            2.1293               119.6359                121.7652             0.0000000000

real	2m18.594s
user	2m17.492s
sys	0m1.034s

p = 2

Matrix multiplication times:
   N          COMM (secs)            COMP (secs)             TIME (secs)        F-norm of Error
-------  ---------------------  ----------------------  ---------------------  ------------------
  1000            0.0469                 0.0907                  0.1376             0.0000000000
  1000            0.0716                 0.0659                  0.1376             0.0000000000
  2000            0.1413                 0.6876                  0.8289             0.0000000000
  2000            0.3351                 0.4979                  0.8331             0.0000000000
  4000            0.7421                 7.9450                  8.6871             0.0000000002
  4000            2.0919                 6.6123                  8.7042             0.0000000002
  8000            2.2888                72.1313                 74.4200             0.0000000000
  8000           19.9362                54.5500                 74.4862             0.0000000000

real	1m24.721s
user	2m47.415s
sys	0m1.499s

Matrix multiplication times:
   N          COMM (secs)            COMP (secs)             TIME (secs)        F-norm of Error
-------  ---------------------  ----------------------  ---------------------  ------------------
  1000            0.0473                 0.0909                  0.1382             0.0000000000
  1000            0.0720                 0.0663                  0.1382             0.0000000000
  2000            0.1408                 0.6843                  0.8252             0.0000000000
  2000            0.3317                 0.4981                  0.8298             0.0000000000
  4000            0.7283                 7.9988                  8.7270             0.0000000002
  4000            2.1234                 6.6209                  8.7444             0.0000000002
  8000            2.2882                72.1379                 74.4262             0.0000000000
  8000           19.9199                54.5713                 74.4912             0.0000000000

real	1m24.753s
user	2m47.512s
sys	0m1.482s

Matrix multiplication times:
   N          COMM (secs)            COMP (secs)             TIME (secs)        F-norm of Error
-------  ---------------------  ----------------------  ---------------------  ------------------
  1000            0.0473                 0.0921                  0.1394             0.0000000000
  1000            0.0731                 0.0663                  0.1394             0.0000000000
  2000            0.1400                 0.6841                  0.8241             0.0000000000
  2000            0.3300                 0.4982                  0.8282             0.0000000000
  4000            0.7410                 7.9535                  8.6945             0.0000000002
  4000            2.0934                 6.6182                  8.7115             0.0000000002
  8000            2.2888                72.1371                 74.4259             0.0000000000
  8000           19.9168                54.5747                 74.4916             0.0000000000

real	1m24.724s
user	2m47.459s
sys	0m1.471s

p = 4

Matrix multiplication times:
   N          COMM (secs)            COMP (secs)             TIME (secs)        F-norm of Error
-------  ---------------------  ----------------------  ---------------------  ------------------
  1000            0.0428                 0.0522                  0.0950             0.0000000000
  1000            0.0533                 0.0411                  0.0943             0.0000000000
  1000            0.0595                 0.0351                  0.0946             0.0000000000
  1000            0.0642                 0.0309                  0.0951             0.0000000000
  2000            0.1440                 0.3863                  0.5303             0.0000000000
  2000            0.2273                 0.3054                  0.5326             0.0000000000
  2000            0.2682                 0.2658                  0.5340             0.0000000000
  2000            0.3027                 0.2324                  0.5351             0.0000000000
  4000            0.5944                 3.2438                  3.8382             0.0000000001
  4000            0.8593                 2.9778                  3.8370             0.0000000001
  4000            1.0671                 2.7759                  3.8429             0.0000000001
  4000            1.3129                 2.5429                  3.8558             0.0000000001
  8000            2.3795                37.3797                 39.7593             0.0000000000
  8000            7.0608                32.7280                 39.7887             0.0000000000
  8000           11.0087                28.8037                 39.8124             0.0000000000
  8000           14.5260                25.2994                 39.8254             0.0000000000

real	0m44.888s
user	2m56.309s
sys	0m1.916s

Matrix multiplication times:
   N          COMM (secs)            COMP (secs)             TIME (secs)        F-norm of Error
-------  ---------------------  ----------------------  ---------------------  ------------------
  1000            0.0433                 0.0508                  0.0942             0.0000000000
  1000            0.0526                 0.0411                  0.0937             0.0000000000
  1000            0.0588                 0.0352                  0.0939             0.0000000000
  1000            0.0633                 0.0309                  0.0942             0.0000000000
  2000            0.1435                 0.3854                  0.5289             0.0000000000
  2000            0.2254                 0.3052                  0.5306             0.0000000000
  2000            0.2677                 0.2648                  0.5326             0.0000000000
  2000            0.3012                 0.2324                  0.5336             0.0000000000
  4000            0.6078                 3.2296                  3.8374             0.0000000002
  4000            0.8518                 2.9718                  3.8235             0.0000000002
  4000            1.0545                 2.7744                  3.8289             0.0000000002
  4000            1.3078                 2.5461                  3.8539             0.0000000002
  8000            2.3879                37.2605                 39.6484             0.0000000000
  8000            6.9389                32.7503                 39.6892             0.0000000000
  8000           10.8660                28.8472                 39.7132             0.0000000000
  8000           14.3959                25.3181                 39.7140             0.0000000000

real	0m44.770s
user	2m55.799s
sys	0m1.957s

Matrix multiplication times:
   N          COMM (secs)            COMP (secs)             TIME (secs)        F-norm of Error
-------  ---------------------  ----------------------  ---------------------  ------------------
  1000            0.0427                 0.0511                  0.0938             0.0000000000
  1000            0.0523                 0.0411                  0.0934             0.0000000000
  1000            0.0584                 0.0351                  0.0936             0.0000000000
  1000            0.0630                 0.0309                  0.0939             0.0000000000
  2000            0.1448                 0.3863                  0.5311             0.0000000000
  2000            0.2276                 0.3052                  0.5329             0.0000000000
  2000            0.2700                 0.2649                  0.5348             0.0000000000
  2000            0.3034                 0.2324                  0.5358             0.0000000000
  4000            0.6010                 3.2343                  3.8352             0.0000000001
  4000            0.8515                 2.9770                  3.8285             0.0000000001
  4000            1.0701                 2.7639                  3.8339             0.0000000001
  4000            1.3054                 2.5475                  3.8529             0.0000000001
  8000            2.3795                37.3634                 39.7429             0.0000000000
  8000            7.0477                32.7306                 39.7783             0.0000000000
  8000           11.0039                28.7979                 39.8018             0.0000000000
  8000           14.5050                25.3042                 39.8092             0.0000000000

real	0m44.902s
user	2m56.222s
sys	0m1.963s

p = 8

Matrix multiplication times:
   N          COMM (secs)            COMP (secs)             TIME (secs)        F-norm of Error
-------  ---------------------  ----------------------  ---------------------  ------------------
  1000            0.0438                 0.0269                  0.0707             0.0000000000
  1000            0.0458                 0.0236                  0.0694             0.0000000000
  1000            0.0486                 0.0214                  0.0700             0.0000000000
  1000            0.0504                 0.0197                  0.0701             0.0000000000
  1000            0.0521                 0.0182                  0.0703             0.0000000000
  1000            0.0535                 0.0170                  0.0704             0.0000000000
  1000            0.0547                 0.0159                  0.0706             0.0000000000
  1000            0.0555                 0.0152                  0.0707             0.0000000000
  2000            0.1534                 0.2121                  0.3655             0.0000000000
  2000            0.1873                 0.1792                  0.3665             0.0000000000
  2000            0.2032                 0.1638                  0.3670             0.0000000000
  2000            0.2173                 0.1507                  0.3680             0.0000000000
  2000            0.2274                 0.1414                  0.3688             0.0000000000
  2000            0.2392                 0.1304                  0.3696             0.0000000000
  2000            0.2473                 0.1230                  0.3703             0.0000000000
  2000            0.2536                 0.1171                  0.3708             0.0000000000
  4000            0.5897                 1.7020                  2.2916             0.0000000002
  4000            0.8021                 1.4877                  2.2898             0.0000000002
  4000            0.7539                 1.5402                  2.2941             0.0000000002
  4000            0.7611                 1.5367                  2.2978             0.0000000002
  4000            0.8379                 1.4629                  2.3008             0.0000000002
  4000            0.8832                 1.4208                  2.3040             0.0000000002
  4000            0.9795                 1.3269                  2.3064             0.0000000002
  4000            1.0470                 1.2621                  2.3091             0.0000000002
  8000            2.4842                20.2141                 22.6983             0.0000000007
  8000            2.6879                20.0020                 22.6899             0.0000000007
  8000            3.8610                18.8450                 22.7060             0.0000000007
  8000            5.3209                17.3998                 22.7208             0.0000000007
  8000            6.2086                16.5244                 22.7330             0.0000000007
  8000            7.5518                15.1927                 22.7445             0.0000000007
  8000            8.2065                14.5483                 22.7548             0.0000000007
  8000            9.3928                13.3719                 22.7647             0.0000000007

real	0m26.133s
user	3m22.597s
sys	0m2.719s

Matrix multiplication times:
   N          COMM (secs)            COMP (secs)             TIME (secs)        F-norm of Error
-------  ---------------------  ----------------------  ---------------------  ------------------
  1000            0.0435                 0.0275                  0.0710             0.0000000000
  1000            0.0465                 0.0236                  0.0700             0.0000000000
  1000            0.0488                 0.0214                  0.0702             0.0000000000
  1000            0.0506                 0.0198                  0.0704             0.0000000000
  1000            0.0522                 0.0183                  0.0705             0.0000000000
  1000            0.0537                 0.0170                  0.0707             0.0000000000
  1000            0.0550                 0.0159                  0.0709             0.0000000000
  1000            0.0558                 0.0152                  0.0711             0.0000000000
  2000            0.1533                 0.2116                  0.3649             0.0000000000
  2000            0.1847                 0.1800                  0.3647             0.0000000000
  2000            0.2034                 0.1627                  0.3661             0.0000000000
  2000            0.2164                 0.1505                  0.3670             0.0000000000
  2000            0.2265                 0.1417                  0.3682             0.0000000000
  2000            0.2383                 0.1305                  0.3688             0.0000000000
  2000            0.2460                 0.1235                  0.3695             0.0000000000
  2000            0.2526                 0.1173                  0.3698             0.0000000000
  4000            0.5920                 1.7275                  2.3195             0.0000000002
  4000            0.8317                 1.4867                  2.3184             0.0000000002
  4000            0.7527                 1.5696                  2.3223             0.0000000002
  4000            0.8143                 1.5115                  2.3258             0.0000000002
  4000            0.8458                 1.4827                  2.3284             0.0000000002
  4000            0.9325                 1.3992                  2.3317             0.0000000002
  4000            0.9941                 1.3400                  2.3341             0.0000000002
  4000            1.0834                 1.2537                  2.3371             0.0000000002
  8000            2.4584                20.2341                 22.6925             0.0000000007
  8000            2.6913                19.9920                 22.6833             0.0000000007
  8000            3.7973                18.9027                 22.7000             0.0000000007
  8000            5.3275                17.3873                 22.7148             0.0000000007
  8000            6.2441                16.4830                 22.7271             0.0000000007
  8000            7.5581                15.1809                 22.7390             0.0000000007
  8000            8.2031                14.5462                 22.7493             0.0000000007
  8000            9.4028                13.3558                 22.7586             0.0000000007

real	0m26.150s
user	3m22.790s
sys	0m2.697s

Matrix multiplication times:
   N          COMM (secs)            COMP (secs)             TIME (secs)        F-norm of Error
-------  ---------------------  ----------------------  ---------------------  ------------------
  1000            0.0437                 0.0270                  0.0708             0.0000000000
  1000            0.0458                 0.0237                  0.0695             0.0000000000
  1000            0.0486                 0.0214                  0.0701             0.0000000000
  1000            0.0505                 0.0198                  0.0703             0.0000000000
  1000            0.0523                 0.0181                  0.0704             0.0000000000
  1000            0.0533                 0.0172                  0.0705             0.0000000000
  1000            0.0548                 0.0159                  0.0707             0.0000000000
  1000            0.0556                 0.0152                  0.0708             0.0000000000
  2000            0.1532                 0.2123                  0.3655             0.0000000001
  2000            0.1876                 0.1793                  0.3670             0.0000000001
  2000            0.2049                 0.1630                  0.3679             0.0000000001
  2000            0.2181                 0.1506                  0.3688             0.0000000001
  2000            0.2291                 0.1403                  0.3694             0.0000000001
  2000            0.2378                 0.1322                  0.3700             0.0000000001
  2000            0.2478                 0.1229                  0.3707             0.0000000001
  2000            0.2540                 0.1172                  0.3712             0.0000000001
  4000            0.5911                 1.7278                  2.3189             0.0000000002
  4000            0.8208                 1.4965                  2.3173             0.0000000002
  4000            0.7453                 1.5758                  2.3211             0.0000000002
  4000            0.8022                 1.5229                  2.3251             0.0000000002
  4000            0.8329                 1.4953                  2.3282             0.0000000002
  4000            0.9298                 1.4017                  2.3315             0.0000000002
  4000            0.9950                 1.3391                  2.3341             0.0000000002
  4000            1.0827                 1.2537                  2.3364             0.0000000002
  8000            2.7060                20.0198                 22.7258             0.0000000007
  8000            2.5286                20.1886                 22.7173             0.0000000007
  8000            4.0662                18.6677                 22.7340             0.0000000007
  8000            5.1974                17.5508                 22.7482             0.0000000007
  8000            6.4914                16.2691                 22.7605             0.0000000007
  8000            7.3888                15.3833                 22.7720             0.0000000007
  8000            8.4222                14.3602                 22.7824             0.0000000007
  8000            9.3127                13.4797                 22.7923             0.0000000007

real	0m26.186s
user	3m23.014s
sys	0m2.751s
