Task 4
icc -g -O3 -xHost -fno-alias -std=c99 -qopenmp -c drand-distinct-ts.c
icc -g -O3 -xHost -fno-alias -std=c99 -qopenmp -o mandomp-distinct-ts mandomp.o drand-distinct-ts.o /home/cpsc424_ahs3/utils/timing/timing.o -lm


Performance runs for thread-safe OpenMP with distinct random numbers and loops

default schedule
Number of threads =  20
OMP_SCHEDULE = 
Seed = 12320. RAND_MAX = 2147483647.
Seed = 12332. RAND_MAX = 2147483647.
Seed = 12335. RAND_MAX = 2147483647.
Seed = 12336. RAND_MAX = 2147483647.
Seed = 12323. RAND_MAX = 2147483647.
Seed = 12339. RAND_MAX = 2147483647.
Seed = 12338. RAND_MAX = 2147483647.
Seed = 12322. RAND_MAX = 2147483647.
Seed = 12327. RAND_MAX = 2147483647.
Seed = 12324. RAND_MAX = 2147483647.
Seed = 12326. RAND_MAX = 2147483647.
Seed = 12328. RAND_MAX = 2147483647.
Seed = 12334. RAND_MAX = 2147483647.
Seed = 12325. RAND_MAX = 2147483647.
Seed = 12333. RAND_MAX = 2147483647.
Seed = 12329. RAND_MAX = 2147483647.
Seed = 12337. RAND_MAX = 2147483647.
Seed = 12321. RAND_MAX = 2147483647.
Seed = 12331. RAND_MAX = 2147483647.
Seed = 12330. RAND_MAX = 2147483647.
Estimated area of the Manderbrolt Set: 1.506644
Computing time: 10.656114 seconds
real	0m10.662s
user	1m31.828s
sys	0m0.333s
Seed = 12325. RAND_MAX = 2147483647.
Seed = 12323. RAND_MAX = 2147483647.
Seed = 12334. RAND_MAX = 2147483647.
Seed = 12332. RAND_MAX = 2147483647.
Seed = 12331. RAND_MAX = 2147483647.
Seed = 12337. RAND_MAX = 2147483647.
Seed = 12338. RAND_MAX = 2147483647.
Seed = 12327. RAND_MAX = 2147483647.
Seed = 12329. RAND_MAX = 2147483647.
Seed = 12322. RAND_MAX = 2147483647.
Seed = 12328. RAND_MAX = 2147483647.
Seed = 12335. RAND_MAX = 2147483647.
Seed = 12320. RAND_MAX = 2147483647.
Seed = 12324. RAND_MAX = 2147483647.
Seed = 12330. RAND_MAX = 2147483647.
Seed = 12321. RAND_MAX = 2147483647.
Seed = 12339. RAND_MAX = 2147483647.
Seed = 12333. RAND_MAX = 2147483647.
Seed = 12326. RAND_MAX = 2147483647.
Seed = 12336. RAND_MAX = 2147483647.
Estimated area of the Manderbrolt Set: 1.506644
Computing time: 10.886348 seconds
real	0m10.892s
user	1m35.569s
sys	0m0.693s
Seed = 12322. RAND_MAX = 2147483647.
Seed = 12321. RAND_MAX = 2147483647.
Seed = 12334. RAND_MAX = 2147483647.
Seed = 12332. RAND_MAX = 2147483647.
Seed = 12338. RAND_MAX = 2147483647.
Seed = 12339. RAND_MAX = 2147483647.
Seed = 12327. RAND_MAX = 2147483647.
Seed = 12324. RAND_MAX = 2147483647.
Seed = 12326. RAND_MAX = 2147483647.
Seed = 12336. RAND_MAX = 2147483647.
Seed = 12320. RAND_MAX = 2147483647.
Seed = 12333. RAND_MAX = 2147483647.
Seed = 12325. RAND_MAX = 2147483647.
Seed = 12331. RAND_MAX = 2147483647.
Seed = 12328. RAND_MAX = 2147483647.
Seed = 12335. RAND_MAX = 2147483647.
Seed = 12330. RAND_MAX = 2147483647.
Seed = 12329. RAND_MAX = 2147483647.
Seed = 12337. RAND_MAX = 2147483647.
Seed = 12323. RAND_MAX = 2147483647.
Estimated area of the Manderbrolt Set: 1.506644
Computing time: 10.825733 seconds
real	0m10.831s
user	1m35.488s
sys	0m0.601s

schedule(static, 1)

Number of threads =  20
OMP_SCHEDULE =  static,1
Seed = 12328. RAND_MAX = 2147483647.
Seed = 12327. RAND_MAX = 2147483647.
Seed = 12325. RAND_MAX = 2147483647.
Seed = 12331. RAND_MAX = 2147483647.
Seed = 12320. RAND_MAX = 2147483647.
Seed = 12322. RAND_MAX = 2147483647.
Seed = 12336. RAND_MAX = 2147483647.
Seed = 12338. RAND_MAX = 2147483647.
Seed = 12330. RAND_MAX = 2147483647.
Seed = 12321. RAND_MAX = 2147483647.
Seed = 12332. RAND_MAX = 2147483647.
Seed = 12329. RAND_MAX = 2147483647.
Seed = 12324. RAND_MAX = 2147483647.
Seed = 12335. RAND_MAX = 2147483647.
Seed = 12334. RAND_MAX = 2147483647.
Seed = 12326. RAND_MAX = 2147483647.
Seed = 12333. RAND_MAX = 2147483647.
Seed = 12339. RAND_MAX = 2147483647.
Seed = 12337. RAND_MAX = 2147483647.
Seed = 12323. RAND_MAX = 2147483647.
Estimated area of the Manderbrolt Set: 1.506760
Computing time: 4.786072 seconds
real	0m4.792s
user	1m35.292s
sys	0m0.140s
Seed = 12320. RAND_MAX = 2147483647.
Seed = 12337. RAND_MAX = 2147483647.
Seed = 12328. RAND_MAX = 2147483647.
Seed = 12321. RAND_MAX = 2147483647.
Seed = 12336. RAND_MAX = 2147483647.
Seed = 12335. RAND_MAX = 2147483647.
Seed = 12333. RAND_MAX = 2147483647.
Seed = 12322. RAND_MAX = 2147483647.
Seed = 12324. RAND_MAX = 2147483647.
Seed = 12330. RAND_MAX = 2147483647.
Seed = 12334. RAND_MAX = 2147483647.
Seed = 12338. RAND_MAX = 2147483647.
Seed = 12325. RAND_MAX = 2147483647.
Seed = 12323. RAND_MAX = 2147483647.
Seed = 12327. RAND_MAX = 2147483647.
Seed = 12339. RAND_MAX = 2147483647.
Seed = 12329. RAND_MAX = 2147483647.
Seed = 12332. RAND_MAX = 2147483647.
Seed = 12331. RAND_MAX = 2147483647.
Seed = 12326. RAND_MAX = 2147483647.
Estimated area of the Manderbrolt Set: 1.506760
Computing time: 5.128749 seconds
real	0m5.135s
user	1m41.216s
sys	0m0.632s
Seed = 12335. RAND_MAX = 2147483647.
Seed = 12338. RAND_MAX = 2147483647.
Seed = 12332. RAND_MAX = 2147483647.
Seed = 12324. RAND_MAX = 2147483647.
Seed = 12334. RAND_MAX = 2147483647.
Seed = 12326. RAND_MAX = 2147483647.
Seed = 12339. RAND_MAX = 2147483647.
Seed = 12320. RAND_MAX = 2147483647.
Seed = 12322. RAND_MAX = 2147483647.
Seed = 12333. RAND_MAX = 2147483647.
Seed = 12328. RAND_MAX = 2147483647.
Seed = 12321. RAND_MAX = 2147483647.
Seed = 12330. RAND_MAX = 2147483647.
Seed = 12331. RAND_MAX = 2147483647.
Seed = 12327. RAND_MAX = 2147483647.
Seed = 12325. RAND_MAX = 2147483647.
Seed = 12329. RAND_MAX = 2147483647.
Seed = 12323. RAND_MAX = 2147483647.
Seed = 12337. RAND_MAX = 2147483647.
Seed = 12336. RAND_MAX = 2147483647.
Estimated area of the Manderbrolt Set: 1.506760
Computing time: 4.974007 seconds
real	0m4.979s
user	1m37.910s
sys	0m0.394s

schedule(static, 10)

Number of threads =  20
OMP_SCHEDULE =  static,10
Seed = 12333. RAND_MAX = 2147483647.
Seed = 12337. RAND_MAX = 2147483647.
Seed = 12321. RAND_MAX = 2147483647.
Seed = 12320. RAND_MAX = 2147483647.
Seed = 12331. RAND_MAX = 2147483647.
Seed = 12335. RAND_MAX = 2147483647.
Seed = 12330. RAND_MAX = 2147483647.
Seed = 12332. RAND_MAX = 2147483647.
Seed = 12327. RAND_MAX = 2147483647.
Seed = 12329. RAND_MAX = 2147483647.
Seed = 12322. RAND_MAX = 2147483647.
Seed = 12324. RAND_MAX = 2147483647.
Seed = 12326. RAND_MAX = 2147483647.
Seed = 12334. RAND_MAX = 2147483647.
Seed = 12325. RAND_MAX = 2147483647.
Seed = 12328. RAND_MAX = 2147483647.
Seed = 12323. RAND_MAX = 2147483647.
Seed = 12339. RAND_MAX = 2147483647.
Seed = 12336. RAND_MAX = 2147483647.
Seed = 12338. RAND_MAX = 2147483647.
Estimated area of the Manderbrolt Set: 1.506690
Computing time: 4.935828 seconds
real	0m4.941s
user	1m25.407s
sys	0m0.281s
Seed = 12335. RAND_MAX = 2147483647.
Seed = 12321. RAND_MAX = 2147483647.
Seed = 12330. RAND_MAX = 2147483647.
Seed = 12333. RAND_MAX = 2147483647.
Seed = 12322. RAND_MAX = 2147483647.
Seed = 12337. RAND_MAX = 2147483647.
Seed = 12338. RAND_MAX = 2147483647.
Seed = 12332. RAND_MAX = 2147483647.
Seed = 12323. RAND_MAX = 2147483647.
Seed = 12339. RAND_MAX = 2147483647.
Seed = 12334. RAND_MAX = 2147483647.
Seed = 12328. RAND_MAX = 2147483647.
Seed = 12331. RAND_MAX = 2147483647.
Seed = 12320. RAND_MAX = 2147483647.
Seed = 12329. RAND_MAX = 2147483647.
Seed = 12324. RAND_MAX = 2147483647.
Seed = 12326. RAND_MAX = 2147483647.
Seed = 12325. RAND_MAX = 2147483647.
Seed = 12327. RAND_MAX = 2147483647.
Seed = 12336. RAND_MAX = 2147483647.
Estimated area of the Manderbrolt Set: 1.506690
Computing time: 4.951240 seconds
real	0m4.956s
user	1m25.715s
sys	0m0.313s
Seed = 12328. RAND_MAX = 2147483647.
Seed = 12330. RAND_MAX = 2147483647.
Seed = 12322. RAND_MAX = 2147483647.
Seed = 12339. RAND_MAX = 2147483647.
Seed = 12321. RAND_MAX = 2147483647.
Seed = 12329. RAND_MAX = 2147483647.
Seed = 12326. RAND_MAX = 2147483647.
Seed = 12332. RAND_MAX = 2147483647.
Seed = 12327. RAND_MAX = 2147483647.
Seed = 12323. RAND_MAX = 2147483647.
Seed = 12335. RAND_MAX = 2147483647.
Seed = 12334. RAND_MAX = 2147483647.
Seed = 12336. RAND_MAX = 2147483647.
Seed = 12320. RAND_MAX = 2147483647.
Seed = 12331. RAND_MAX = 2147483647.
Seed = 12337. RAND_MAX = 2147483647.
Seed = 12324. RAND_MAX = 2147483647.
Seed = 12338. RAND_MAX = 2147483647.
Seed = 12333. RAND_MAX = 2147483647.
Seed = 12325. RAND_MAX = 2147483647.
Estimated area of the Manderbrolt Set: 1.506690
Computing time: 4.909158 seconds
real	0m4.914s
user	1m25.053s
sys	0m0.246s

schedule(dynamic)

Number of threads =  20
OMP_SCHEDULE =  dynamic
Seed = 12337. RAND_MAX = 2147483647.
Seed = 12333. RAND_MAX = 2147483647.
Seed = 12323. RAND_MAX = 2147483647.
Seed = 12328. RAND_MAX = 2147483647.
Seed = 12335. RAND_MAX = 2147483647.
Seed = 12339. RAND_MAX = 2147483647.
Seed = 12324. RAND_MAX = 2147483647.
Seed = 12338. RAND_MAX = 2147483647.
Seed = 12330. RAND_MAX = 2147483647.
Seed = 12322. RAND_MAX = 2147483647.
Seed = 12321. RAND_MAX = 2147483647.
Seed = 12327. RAND_MAX = 2147483647.
Seed = 12326. RAND_MAX = 2147483647.
Seed = 12332. RAND_MAX = 2147483647.
Seed = 12320. RAND_MAX = 2147483647.
Seed = 12334. RAND_MAX = 2147483647.
Seed = 12331. RAND_MAX = 2147483647.
Seed = 12336. RAND_MAX = 2147483647.
Seed = 12329. RAND_MAX = 2147483647.
Seed = 12325. RAND_MAX = 2147483647.
Estimated area of the Manderbrolt Set: 1.506528
Computing time: 4.871586 seconds
real	0m4.877s
user	1m37.289s
sys	0m0.021s
Seed = 12338. RAND_MAX = 2147483647.
Seed = 12320. RAND_MAX = 2147483647.
Seed = 12327. RAND_MAX = 2147483647.
Seed = 12337. RAND_MAX = 2147483647.
Seed = 12336. RAND_MAX = 2147483647.
Seed = 12334. RAND_MAX = 2147483647.
Seed = 12323. RAND_MAX = 2147483647.
Seed = 12332. RAND_MAX = 2147483647.
Seed = 12333. RAND_MAX = 2147483647.
Seed = 12331. RAND_MAX = 2147483647.
Seed = 12322. RAND_MAX = 2147483647.
Seed = 12328. RAND_MAX = 2147483647.
Seed = 12335. RAND_MAX = 2147483647.
Seed = 12321. RAND_MAX = 2147483647.
Seed = 12330. RAND_MAX = 2147483647.
Seed = 12325. RAND_MAX = 2147483647.
Seed = 12329. RAND_MAX = 2147483647.
Seed = 12326. RAND_MAX = 2147483647.
Seed = 12324. RAND_MAX = 2147483647.
Seed = 12339. RAND_MAX = 2147483647.
Estimated area of the Manderbrolt Set: 1.506652
Computing time: 4.952924 seconds
real	0m4.959s
user	1m38.304s
sys	0m0.179s
Seed = 12336. RAND_MAX = 2147483647.
Seed = 12324. RAND_MAX = 2147483647.
Seed = 12338. RAND_MAX = 2147483647.
Seed = 12330. RAND_MAX = 2147483647.
Seed = 12337. RAND_MAX = 2147483647.
Seed = 12339. RAND_MAX = 2147483647.
Seed = 12332. RAND_MAX = 2147483647.
Seed = 12320. RAND_MAX = 2147483647.
Seed = 12334. RAND_MAX = 2147483647.
Seed = 12335. RAND_MAX = 2147483647.
Seed = 12326. RAND_MAX = 2147483647.
Seed = 12322. RAND_MAX = 2147483647.
Seed = 12328. RAND_MAX = 2147483647.
Seed = 12331. RAND_MAX = 2147483647.
Seed = 12323. RAND_MAX = 2147483647.
Seed = 12329. RAND_MAX = 2147483647.
Seed = 12333. RAND_MAX = 2147483647.
Seed = 12325. RAND_MAX = 2147483647.
Seed = 12321. RAND_MAX = 2147483647.
Seed = 12327. RAND_MAX = 2147483647.
Estimated area of the Manderbrolt Set: 1.506594
Computing time: 4.881469 seconds
real	0m4.887s
user	1m37.359s
sys	0m0.084s

schedule(guided)

Number of threads =  20
OMP_SCHEDULE =  guided
Seed = 12327. RAND_MAX = 2147483647.
Seed = 12337. RAND_MAX = 2147483647.
Seed = 12334. RAND_MAX = 2147483647.
Seed = 12333. RAND_MAX = 2147483647.
Seed = 12330. RAND_MAX = 2147483647.
Seed = 12323. RAND_MAX = 2147483647.
Seed = 12322. RAND_MAX = 2147483647.
Seed = 12329. RAND_MAX = 2147483647.
Seed = 12320. RAND_MAX = 2147483647.
Seed = 12328. RAND_MAX = 2147483647.
Seed = 12321. RAND_MAX = 2147483647.
Seed = 12338. RAND_MAX = 2147483647.
Seed = 12326. RAND_MAX = 2147483647.
Seed = 12335. RAND_MAX = 2147483647.
Seed = 12336. RAND_MAX = 2147483647.
Seed = 12324. RAND_MAX = 2147483647.
Seed = 12332. RAND_MAX = 2147483647.
Seed = 12339. RAND_MAX = 2147483647.
Seed = 12331. RAND_MAX = 2147483647.
Seed = 12325. RAND_MAX = 2147483647.
Estimated area of the Manderbrolt Set: 1.506792
Computing time: 5.578146 seconds
real	0m5.583s
user	1m37.142s
sys	0m0.657s
Seed = 12333. RAND_MAX = 2147483647.
Seed = 12330. RAND_MAX = 2147483647.
Seed = 12331. RAND_MAX = 2147483647.
Seed = 12339. RAND_MAX = 2147483647.
Seed = 12321. RAND_MAX = 2147483647.
Seed = 12338. RAND_MAX = 2147483647.
Seed = 12327. RAND_MAX = 2147483647.
Seed = 12336. RAND_MAX = 2147483647.
Seed = 12335. RAND_MAX = 2147483647.
Seed = 12322. RAND_MAX = 2147483647.
Seed = 12329. RAND_MAX = 2147483647.
Seed = 12337. RAND_MAX = 2147483647.
Seed = 12324. RAND_MAX = 2147483647.
Seed = 12323. RAND_MAX = 2147483647.
Seed = 12326. RAND_MAX = 2147483647.
Seed = 12325. RAND_MAX = 2147483647.
Seed = 12320. RAND_MAX = 2147483647.
Seed = 12334. RAND_MAX = 2147483647.
Seed = 12332. RAND_MAX = 2147483647.
Seed = 12328. RAND_MAX = 2147483647.
Estimated area of the Manderbrolt Set: 1.506642
Computing time: 5.530005 seconds
real	0m5.535s
user	1m35.931s
sys	0m0.445s
Seed = 12336. RAND_MAX = 2147483647.
Seed = 12323. RAND_MAX = 2147483647.
Seed = 12326. RAND_MAX = 2147483647.
Seed = 12338. RAND_MAX = 2147483647.
Seed = 12329. RAND_MAX = 2147483647.
Seed = 12339. RAND_MAX = 2147483647.
Seed = 12334. RAND_MAX = 2147483647.
Seed = 12335. RAND_MAX = 2147483647.
Seed = 12320. RAND_MAX = 2147483647.
Seed = 12332. RAND_MAX = 2147483647.
Seed = 12328. RAND_MAX = 2147483647.
Seed = 12330. RAND_MAX = 2147483647.
Seed = 12324. RAND_MAX = 2147483647.
Seed = 12333. RAND_MAX = 2147483647.
Seed = 12325. RAND_MAX = 2147483647.
Seed = 12331. RAND_MAX = 2147483647.
Seed = 12321. RAND_MAX = 2147483647.
Seed = 12337. RAND_MAX = 2147483647.
Seed = 12327. RAND_MAX = 2147483647.
Seed = 12322. RAND_MAX = 2147483647.
Estimated area of the Manderbrolt Set: 1.506854
Computing time: 5.413113 seconds
real	0m5.418s
user	1m34.162s
sys	0m0.389s

