Task 2 - Part 3
icc -g -O3 -xHost -fno-alias -std=c99 -qopenmp -c mandomp-collapse.c
icc -g -O3 -xHost -fno-alias -std=c99 -qopenmp -o mandomp-collapse mandomp-collapse.o drand-ts.o /home/cpsc424_ahs3/utils/timing/timing.o -lm


Performance runs for thread-safe OpenMP with collapsed loops

default schedule

Number of threads =  1
OMP_SCHEDULE = 
Seed = 99. RAND_MAX = 2147483647.
Estimated area of the Manderbrolt Set: 1.506712
Computing time: 76.255818 seconds
real	1m16.260s
user	1m16.253s
sys	0m0.006s
Seed = 99. RAND_MAX = 2147483647.
Estimated area of the Manderbrolt Set: 1.506712
Computing time: 76.233916 seconds
real	1m16.238s
user	1m16.232s
sys	0m0.005s
Seed = 99. RAND_MAX = 2147483647.
Estimated area of the Manderbrolt Set: 1.506712
Computing time: 76.246126 seconds
real	1m16.251s
user	1m16.245s
sys	0m0.004s

Number of threads =  2
OMP_SCHEDULE = 
Seed = 99. RAND_MAX = 2147483647.
Seed = 99. RAND_MAX = 2147483647.
Estimated area of the Manderbrolt Set: 1.506730
Computing time: 72.224197 seconds
real	1m12.229s
user	1m16.462s
sys	0m0.072s
Seed = 99. RAND_MAX = 2147483647.
Seed = 99. RAND_MAX = 2147483647.
Estimated area of the Manderbrolt Set: 1.506730
Computing time: 72.159576 seconds
real	1m12.164s
user	1m16.452s
sys	0m0.019s
Seed = 99. RAND_MAX = 2147483647.
Seed = 99. RAND_MAX = 2147483647.
Estimated area of the Manderbrolt Set: 1.506730
Computing time: 72.156247 seconds
real	1m12.161s
user	1m16.446s
sys	0m0.018s

Number of threads =  4
OMP_SCHEDULE = 
Seed = 99. RAND_MAX = 2147483647.
Seed = 99. RAND_MAX = 2147483647.
Seed = 99. RAND_MAX = 2147483647.
Seed = 99. RAND_MAX = 2147483647.
Estimated area of the Manderbrolt Set: 1.506894
Computing time: 45.289874 seconds
real	0m45.295s
user	1m17.054s
sys	0m0.053s
Seed = 99. RAND_MAX = 2147483647.
Seed = 99. RAND_MAX = 2147483647.
Seed = 99. RAND_MAX = 2147483647.
Seed = 99. RAND_MAX = 2147483647.
Estimated area of the Manderbrolt Set: 1.506894
Computing time: 45.284280 seconds
real	0m45.290s
user	1m17.054s
sys	0m0.053s
Seed = 99. RAND_MAX = 2147483647.
Seed = 99. RAND_MAX = 2147483647.
Seed = 99. RAND_MAX = 2147483647.
Seed = 99. RAND_MAX = 2147483647.
Estimated area of the Manderbrolt Set: 1.506894
Computing time: 45.314808 seconds
real	0m45.320s
user	1m17.082s
sys	0m0.061s

Number of threads =  10
OMP_SCHEDULE = 
Seed = 99. RAND_MAX = 2147483647.
Seed = 99. RAND_MAX = 2147483647.
Seed = 99. RAND_MAX = 2147483647.
Seed = 99. RAND_MAX = 2147483647.
Seed = 99. RAND_MAX = 2147483647.
Seed = 99. RAND_MAX = 2147483647.
Seed = 99. RAND_MAX = 2147483647.
Seed = 99. RAND_MAX = 2147483647.
Seed = 99. RAND_MAX = 2147483647.
Seed = 99. RAND_MAX = 2147483647.
Estimated area of the Manderbrolt Set: 1.506826
Computing time: 20.318941 seconds
real	0m20.324s
user	1m19.310s
sys	0m0.116s
Seed = 99. RAND_MAX = 2147483647.
Seed = 99. RAND_MAX = 2147483647.
Seed = 99. RAND_MAX = 2147483647.
Seed = 99. RAND_MAX = 2147483647.
Seed = 99. RAND_MAX = 2147483647.
Seed = 99. RAND_MAX = 2147483647.
Seed = 99. RAND_MAX = 2147483647.
Seed = 99. RAND_MAX = 2147483647.
Seed = 99. RAND_MAX = 2147483647.
Seed = 99. RAND_MAX = 2147483647.
Estimated area of the Manderbrolt Set: 1.506826
Computing time: 20.341370 seconds
real	0m20.346s
user	1m21.257s
sys	0m0.106s
Seed = 99. RAND_MAX = 2147483647.
Seed = 99. RAND_MAX = 2147483647.
Seed = 99. RAND_MAX = 2147483647.
Seed = 99. RAND_MAX = 2147483647.
Seed = 99. RAND_MAX = 2147483647.
Seed = 99. RAND_MAX = 2147483647.
Seed = 99. RAND_MAX = 2147483647.
Seed = 99. RAND_MAX = 2147483647.
Seed = 99. RAND_MAX = 2147483647.
Seed = 99. RAND_MAX = 2147483647.
Estimated area of the Manderbrolt Set: 1.506826
Computing time: 20.356963 seconds
real	0m20.362s
user	1m21.103s
sys	0m0.090s

Number of threads =  20
OMP_SCHEDULE = 
Seed = 99. RAND_MAX = 2147483647.
Seed = 99. RAND_MAX = 2147483647.
Seed = 99. RAND_MAX = 2147483647.
Seed = 99. RAND_MAX = 2147483647.
Seed = 99. RAND_MAX = 2147483647.
Seed = 99. RAND_MAX = 2147483647.
Seed = 99. RAND_MAX = 2147483647.
Seed = 99. RAND_MAX = 2147483647.
Seed = 99. RAND_MAX = 2147483647.
Seed = 99. RAND_MAX = 2147483647.
Seed = 99. RAND_MAX = 2147483647.
Seed = 99. RAND_MAX = 2147483647.
Seed = 99. RAND_MAX = 2147483647.
Seed = 99. RAND_MAX = 2147483647.
Seed = 99. RAND_MAX = 2147483647.
Seed = 99. RAND_MAX = 2147483647.
Seed = 99. RAND_MAX = 2147483647.
Seed = 99. RAND_MAX = 2147483647.
Seed = 99. RAND_MAX = 2147483647.
Seed = 99. RAND_MAX = 2147483647.
Estimated area of the Manderbrolt Set: 1.506858
Computing time: 10.511627 seconds
real	0m10.518s
user	1m29.659s
sys	0m0.242s
Seed = 99. RAND_MAX = 2147483647.
Seed = 99. RAND_MAX = 2147483647.
Seed = 99. RAND_MAX = 2147483647.
Seed = 99. RAND_MAX = 2147483647.
Seed = 99. RAND_MAX = 2147483647.
Seed = 99. RAND_MAX = 2147483647.
Seed = 99. RAND_MAX = 2147483647.
Seed = 99. RAND_MAX = 2147483647.
Seed = 99. RAND_MAX = 2147483647.
Seed = 99. RAND_MAX = 2147483647.
Seed = 99. RAND_MAX = 2147483647.
Seed = 99. RAND_MAX = 2147483647.
Seed = 99. RAND_MAX = 2147483647.
Seed = 99. RAND_MAX = 2147483647.
Seed = 99. RAND_MAX = 2147483647.
Seed = 99. RAND_MAX = 2147483647.
Seed = 99. RAND_MAX = 2147483647.
Seed = 99. RAND_MAX = 2147483647.
Seed = 99. RAND_MAX = 2147483647.
Seed = 99. RAND_MAX = 2147483647.
Estimated area of the Manderbrolt Set: 1.506858
Computing time: 10.516957 seconds
real	0m10.522s
user	1m29.540s
sys	0m0.264s
Seed = 99. RAND_MAX = 2147483647.
Seed = 99. RAND_MAX = 2147483647.
Seed = 99. RAND_MAX = 2147483647.
Seed = 99. RAND_MAX = 2147483647.
Seed = 99. RAND_MAX = 2147483647.
Seed = 99. RAND_MAX = 2147483647.
Seed = 99. RAND_MAX = 2147483647.
Seed = 99. RAND_MAX = 2147483647.
Seed = 99. RAND_MAX = 2147483647.
Seed = 99. RAND_MAX = 2147483647.
Seed = 99. RAND_MAX = 2147483647.
Seed = 99. RAND_MAX = 2147483647.
Seed = 99. RAND_MAX = 2147483647.
Seed = 99. RAND_MAX = 2147483647.
Seed = 99. RAND_MAX = 2147483647.
Seed = 99. RAND_MAX = 2147483647.
Seed = 99. RAND_MAX = 2147483647.
Seed = 99. RAND_MAX = 2147483647.
Seed = 99. RAND_MAX = 2147483647.
Seed = 99. RAND_MAX = 2147483647.
Estimated area of the Manderbrolt Set: 1.506858
Computing time: 10.623886 seconds
real	0m10.629s
user	1m32.227s
sys	0m0.450s

schedule(static, 1)

Number of threads =  1
OMP_SCHEDULE =  static,1
Seed = 99. RAND_MAX = 2147483647.
Estimated area of the Manderbrolt Set: 1.506712
Computing time: 76.228430 seconds
real	1m16.233s
user	1m16.227s
sys	0m0.005s
Seed = 99. RAND_MAX = 2147483647.
Estimated area of the Manderbrolt Set: 1.506712
Computing time: 76.237310 seconds
real	1m16.242s
user	1m16.235s
sys	0m0.006s
Seed = 99. RAND_MAX = 2147483647.
Estimated area of the Manderbrolt Set: 1.506712
Computing time: 76.249836 seconds
real	1m16.255s
user	1m16.249s
sys	0m0.004s

Number of threads =  2
OMP_SCHEDULE =  static,1
Seed = 99. RAND_MAX = 2147483647.
Seed = 99. RAND_MAX = 2147483647.
Estimated area of the Manderbrolt Set: 1.506810
Computing time: 38.763687 seconds
real	0m38.769s
user	1m17.500s
sys	0m0.027s
Seed = 99. RAND_MAX = 2147483647.
Seed = 99. RAND_MAX = 2147483647.
Estimated area of the Manderbrolt Set: 1.506810
Computing time: 38.735141 seconds
real	0m38.740s
user	1m17.450s
sys	0m0.020s
Seed = 99. RAND_MAX = 2147483647.
Seed = 99. RAND_MAX = 2147483647.
Estimated area of the Manderbrolt Set: 1.506810
Computing time: 38.797277 seconds
real	0m38.802s
user	1m17.561s
sys	0m0.033s

Number of threads =  4
OMP_SCHEDULE =  static,1
Seed = 99. RAND_MAX = 2147483647.
Seed = 99. RAND_MAX = 2147483647.
Seed = 99. RAND_MAX = 2147483647.
Seed = 99. RAND_MAX = 2147483647.
Estimated area of the Manderbrolt Set: 1.506596
Computing time: 20.010968 seconds
real	0m20.016s
user	1m19.960s
sys	0m0.029s
Seed = 99. RAND_MAX = 2147483647.
Seed = 99. RAND_MAX = 2147483647.
Seed = 99. RAND_MAX = 2147483647.
Seed = 99. RAND_MAX = 2147483647.
Estimated area of the Manderbrolt Set: 1.506596
Computing time: 20.041291 seconds
real	0m20.046s
user	1m20.143s
sys	0m0.018s
Seed = 99. RAND_MAX = 2147483647.
Seed = 99. RAND_MAX = 2147483647.
Seed = 99. RAND_MAX = 2147483647.
Seed = 99. RAND_MAX = 2147483647.
Estimated area of the Manderbrolt Set: 1.506596
Computing time: 20.023538 seconds
real	0m20.028s
user	1m20.079s
sys	0m0.012s

Number of threads =  10
OMP_SCHEDULE =  static,1
Seed = 99. RAND_MAX = 2147483647.
Seed = 99. RAND_MAX = 2147483647.
Seed = 99. RAND_MAX = 2147483647.
Seed = 99. RAND_MAX = 2147483647.
Seed = 99. RAND_MAX = 2147483647.
Seed = 99. RAND_MAX = 2147483647.
Seed = 99. RAND_MAX = 2147483647.
Seed = 99. RAND_MAX = 2147483647.
Seed = 99. RAND_MAX = 2147483647.
Seed = 99. RAND_MAX = 2147483647.
Estimated area of the Manderbrolt Set: 1.506614
Computing time: 8.512705 seconds
real	0m8.518s
user	1m25.090s
sys	0m0.017s
Seed = 99. RAND_MAX = 2147483647.
Seed = 99. RAND_MAX = 2147483647.
Seed = 99. RAND_MAX = 2147483647.
Seed = 99. RAND_MAX = 2147483647.
Seed = 99. RAND_MAX = 2147483647.
Seed = 99. RAND_MAX = 2147483647.
Seed = 99. RAND_MAX = 2147483647.
Seed = 99. RAND_MAX = 2147483647.
Seed = 99. RAND_MAX = 2147483647.
Seed = 99. RAND_MAX = 2147483647.
Estimated area of the Manderbrolt Set: 1.506614
Computing time: 8.511964 seconds
real	0m8.517s
user	1m25.078s
sys	0m0.021s
Seed = 99. RAND_MAX = 2147483647.
Seed = 99. RAND_MAX = 2147483647.
Seed = 99. RAND_MAX = 2147483647.
Seed = 99. RAND_MAX = 2147483647.
Seed = 99. RAND_MAX = 2147483647.
Seed = 99. RAND_MAX = 2147483647.
Seed = 99. RAND_MAX = 2147483647.
Seed = 99. RAND_MAX = 2147483647.
Seed = 99. RAND_MAX = 2147483647.
Seed = 99. RAND_MAX = 2147483647.
Estimated area of the Manderbrolt Set: 1.506614
Computing time: 8.563685 seconds
real	0m8.569s
user	1m25.603s
sys	0m0.018s

Number of threads =  20
OMP_SCHEDULE =  static,1
Seed = 99. RAND_MAX = 2147483647.
Seed = 99. RAND_MAX = 2147483647.
Seed = 99. RAND_MAX = 2147483647.
Seed = 99. RAND_MAX = 2147483647.
Seed = 99. RAND_MAX = 2147483647.
Seed = 99. RAND_MAX = 2147483647.
Seed = 99. RAND_MAX = 2147483647.
Seed = 99. RAND_MAX = 2147483647.
Seed = 99. RAND_MAX = 2147483647.
Seed = 99. RAND_MAX = 2147483647.
Seed = 99. RAND_MAX = 2147483647.
Seed = 99. RAND_MAX = 2147483647.
Seed = 99. RAND_MAX = 2147483647.
Seed = 99. RAND_MAX = 2147483647.
Seed = 99. RAND_MAX = 2147483647.
Seed = 99. RAND_MAX = 2147483647.
Seed = 99. RAND_MAX = 2147483647.
Seed = 99. RAND_MAX = 2147483647.
Seed = 99. RAND_MAX = 2147483647.
Seed = 99. RAND_MAX = 2147483647.
Estimated area of the Manderbrolt Set: 1.506814
Computing time: 4.921810 seconds
real	0m4.927s
user	1m37.937s
sys	0m0.105s
Seed = 99. RAND_MAX = 2147483647.
Seed = 99. RAND_MAX = 2147483647.
Seed = 99. RAND_MAX = 2147483647.
Seed = 99. RAND_MAX = 2147483647.
Seed = 99. RAND_MAX = 2147483647.
Seed = 99. RAND_MAX = 2147483647.
Seed = 99. RAND_MAX = 2147483647.
Seed = 99. RAND_MAX = 2147483647.
Seed = 99. RAND_MAX = 2147483647.
Seed = 99. RAND_MAX = 2147483647.
Seed = 99. RAND_MAX = 2147483647.
Seed = 99. RAND_MAX = 2147483647.
Seed = 99. RAND_MAX = 2147483647.
Seed = 99. RAND_MAX = 2147483647.
Seed = 99. RAND_MAX = 2147483647.
Seed = 99. RAND_MAX = 2147483647.
Seed = 99. RAND_MAX = 2147483647.
Seed = 99. RAND_MAX = 2147483647.
Seed = 99. RAND_MAX = 2147483647.
Seed = 99. RAND_MAX = 2147483647.
Estimated area of the Manderbrolt Set: 1.506814
Computing time: 4.820053 seconds
real	0m4.825s
user	1m36.279s
sys	0m0.026s
Seed = 99. RAND_MAX = 2147483647.
Seed = 99. RAND_MAX = 2147483647.
Seed = 99. RAND_MAX = 2147483647.
Seed = 99. RAND_MAX = 2147483647.
Seed = 99. RAND_MAX = 2147483647.
Seed = 99. RAND_MAX = 2147483647.
Seed = 99. RAND_MAX = 2147483647.
Seed = 99. RAND_MAX = 2147483647.
Seed = 99. RAND_MAX = 2147483647.
Seed = 99. RAND_MAX = 2147483647.
Seed = 99. RAND_MAX = 2147483647.
Seed = 99. RAND_MAX = 2147483647.
Seed = 99. RAND_MAX = 2147483647.
Seed = 99. RAND_MAX = 2147483647.
Seed = 99. RAND_MAX = 2147483647.
Seed = 99. RAND_MAX = 2147483647.
Seed = 99. RAND_MAX = 2147483647.
Seed = 99. RAND_MAX = 2147483647.
Seed = 99. RAND_MAX = 2147483647.
Seed = 99. RAND_MAX = 2147483647.
Estimated area of the Manderbrolt Set: 1.506814
Computing time: 5.069614 seconds
real	0m5.075s
user	1m40.874s
sys	0m0.101s

schedule(static, 10)

Number of threads =  1
OMP_SCHEDULE =  static,10
Seed = 99. RAND_MAX = 2147483647.
Estimated area of the Manderbrolt Set: 1.506712
Computing time: 76.240886 seconds
real	1m16.246s
user	1m16.239s
sys	0m0.005s
Seed = 99. RAND_MAX = 2147483647.
Estimated area of the Manderbrolt Set: 1.506712
Computing time: 76.231967 seconds
real	1m16.237s
user	1m16.231s
sys	0m0.004s
Seed = 99. RAND_MAX = 2147483647.
Estimated area of the Manderbrolt Set: 1.506712
Computing time: 76.238617 seconds
real	1m16.244s
user	1m16.238s
sys	0m0.004s

Number of threads =  2
OMP_SCHEDULE =  static,10
Seed = 99. RAND_MAX = 2147483647.
Seed = 99. RAND_MAX = 2147483647.
Estimated area of the Manderbrolt Set: 1.506812
Computing time: 38.920946 seconds
real	0m38.926s
user	1m17.822s
sys	0m0.019s
Seed = 99. RAND_MAX = 2147483647.
Seed = 99. RAND_MAX = 2147483647.
Estimated area of the Manderbrolt Set: 1.506812
Computing time: 38.417976 seconds
real	0m38.423s
user	1m16.821s
sys	0m0.015s
Seed = 99. RAND_MAX = 2147483647.
Seed = 99. RAND_MAX = 2147483647.
Estimated area of the Manderbrolt Set: 1.506812
Computing time: 38.393695 seconds
real	0m38.399s
user	1m16.741s
sys	0m0.045s

Number of threads =  4
OMP_SCHEDULE =  static,10
Seed = 99. RAND_MAX = 2147483647.
Seed = 99. RAND_MAX = 2147483647.
Seed = 99. RAND_MAX = 2147483647.
Seed = 99. RAND_MAX = 2147483647.
Estimated area of the Manderbrolt Set: 1.506886
Computing time: 19.987806 seconds
real	0m19.993s
user	1m19.937s
sys	0m0.011s
Seed = 99. RAND_MAX = 2147483647.
Seed = 99. RAND_MAX = 2147483647.
Seed = 99. RAND_MAX = 2147483647.
Seed = 99. RAND_MAX = 2147483647.
Estimated area of the Manderbrolt Set: 1.506886
Computing time: 19.937886 seconds
real	0m19.943s
user	1m19.739s
sys	0m0.009s
Seed = 99. RAND_MAX = 2147483647.
Seed = 99. RAND_MAX = 2147483647.
Seed = 99. RAND_MAX = 2147483647.
Seed = 99. RAND_MAX = 2147483647.
Estimated area of the Manderbrolt Set: 1.506886
Computing time: 19.973543 seconds
real	0m19.978s
user	1m19.864s
sys	0m0.026s

Number of threads =  10
OMP_SCHEDULE =  static,10
Seed = 99. RAND_MAX = 2147483647.
Seed = 99. RAND_MAX = 2147483647.
Seed = 99. RAND_MAX = 2147483647.
Seed = 99. RAND_MAX = 2147483647.
Seed = 99. RAND_MAX = 2147483647.
Seed = 99. RAND_MAX = 2147483647.
Seed = 99. RAND_MAX = 2147483647.
Seed = 99. RAND_MAX = 2147483647.
Seed = 99. RAND_MAX = 2147483647.
Seed = 99. RAND_MAX = 2147483647.
Estimated area of the Manderbrolt Set: 1.506800
Computing time: 8.512772 seconds
real	0m8.518s
user	1m24.750s
sys	0m0.102s
Seed = 99. RAND_MAX = 2147483647.
Seed = 99. RAND_MAX = 2147483647.
Seed = 99. RAND_MAX = 2147483647.
Seed = 99. RAND_MAX = 2147483647.
Seed = 99. RAND_MAX = 2147483647.
Seed = 99. RAND_MAX = 2147483647.
Seed = 99. RAND_MAX = 2147483647.
Seed = 99. RAND_MAX = 2147483647.
Seed = 99. RAND_MAX = 2147483647.
Seed = 99. RAND_MAX = 2147483647.
Estimated area of the Manderbrolt Set: 1.506800
Computing time: 8.525601 seconds
real	0m8.530s
user	1m24.797s
sys	0m0.084s
Seed = 99. RAND_MAX = 2147483647.
Seed = 99. RAND_MAX = 2147483647.
Seed = 99. RAND_MAX = 2147483647.
Seed = 99. RAND_MAX = 2147483647.
Seed = 99. RAND_MAX = 2147483647.
Seed = 99. RAND_MAX = 2147483647.
Seed = 99. RAND_MAX = 2147483647.
Seed = 99. RAND_MAX = 2147483647.
Seed = 99. RAND_MAX = 2147483647.
Seed = 99. RAND_MAX = 2147483647.
Estimated area of the Manderbrolt Set: 1.506800
Computing time: 8.494910 seconds
real	0m8.500s
user	1m24.446s
sys	0m0.070s

Number of threads =  20
OMP_SCHEDULE =  static,10
Seed = 99. RAND_MAX = 2147483647.
Seed = 99. RAND_MAX = 2147483647.
Seed = 99. RAND_MAX = 2147483647.
Seed = 99. RAND_MAX = 2147483647.
Seed = 99. RAND_MAX = 2147483647.
Seed = 99. RAND_MAX = 2147483647.
Seed = 99. RAND_MAX = 2147483647.
Seed = 99. RAND_MAX = 2147483647.
Seed = 99. RAND_MAX = 2147483647.
Seed = 99. RAND_MAX = 2147483647.
Seed = 99. RAND_MAX = 2147483647.
Seed = 99. RAND_MAX = 2147483647.
Seed = 99. RAND_MAX = 2147483647.
Seed = 99. RAND_MAX = 2147483647.
Seed = 99. RAND_MAX = 2147483647.
Seed = 99. RAND_MAX = 2147483647.
Seed = 99. RAND_MAX = 2147483647.
Seed = 99. RAND_MAX = 2147483647.
Seed = 99. RAND_MAX = 2147483647.
Seed = 99. RAND_MAX = 2147483647.
Estimated area of the Manderbrolt Set: 1.506834
Computing time: 4.838648 seconds
real	0m4.844s
user	1m36.608s
sys	0m0.034s
Seed = 99. RAND_MAX = 2147483647.
Seed = 99. RAND_MAX = 2147483647.
Seed = 99. RAND_MAX = 2147483647.
Seed = 99. RAND_MAX = 2147483647.
Seed = 99. RAND_MAX = 2147483647.
Seed = 99. RAND_MAX = 2147483647.
Seed = 99. RAND_MAX = 2147483647.
Seed = 99. RAND_MAX = 2147483647.
Seed = 99. RAND_MAX = 2147483647.
Seed = 99. RAND_MAX = 2147483647.
Seed = 99. RAND_MAX = 2147483647.
Seed = 99. RAND_MAX = 2147483647.
Seed = 99. RAND_MAX = 2147483647.
Seed = 99. RAND_MAX = 2147483647.
Seed = 99. RAND_MAX = 2147483647.
Seed = 99. RAND_MAX = 2147483647.
Seed = 99. RAND_MAX = 2147483647.
Seed = 99. RAND_MAX = 2147483647.
Seed = 99. RAND_MAX = 2147483647.
Seed = 99. RAND_MAX = 2147483647.
Estimated area of the Manderbrolt Set: 1.506834
Computing time: 4.964541 seconds
real	0m4.970s
user	1m38.510s
sys	0m0.280s
Seed = 99. RAND_MAX = 2147483647.
Seed = 99. RAND_MAX = 2147483647.
Seed = 99. RAND_MAX = 2147483647.
Seed = 99. RAND_MAX = 2147483647.
Seed = 99. RAND_MAX = 2147483647.
Seed = 99. RAND_MAX = 2147483647.
Seed = 99. RAND_MAX = 2147483647.
Seed = 99. RAND_MAX = 2147483647.
Seed = 99. RAND_MAX = 2147483647.
Seed = 99. RAND_MAX = 2147483647.
Seed = 99. RAND_MAX = 2147483647.
Seed = 99. RAND_MAX = 2147483647.
Seed = 99. RAND_MAX = 2147483647.
Seed = 99. RAND_MAX = 2147483647.
Seed = 99. RAND_MAX = 2147483647.
Seed = 99. RAND_MAX = 2147483647.
Seed = 99. RAND_MAX = 2147483647.
Seed = 99. RAND_MAX = 2147483647.
Seed = 99. RAND_MAX = 2147483647.
Seed = 99. RAND_MAX = 2147483647.
Estimated area of the Manderbrolt Set: 1.506834
Computing time: 4.837478 seconds
real	0m4.843s
user	1m36.504s
sys	0m0.112s

schedule(dynamic)

Number of threads =  1
OMP_SCHEDULE =  dynamic
Seed = 99. RAND_MAX = 2147483647.
Estimated area of the Manderbrolt Set: 1.506712
Computing time: 76.226664 seconds
real	1m16.231s
user	1m16.226s
sys	0m0.004s
Seed = 99. RAND_MAX = 2147483647.
Estimated area of the Manderbrolt Set: 1.506712
Computing time: 76.239147 seconds
real	1m16.244s
user	1m16.237s
sys	0m0.006s
Seed = 99. RAND_MAX = 2147483647.
Estimated area of the Manderbrolt Set: 1.506712
Computing time: 76.229554 seconds
real	1m16.234s
user	1m16.227s
sys	0m0.006s

Number of threads =  2
OMP_SCHEDULE =  dynamic
Seed = 99. RAND_MAX = 2147483647.
Seed = 99. RAND_MAX = 2147483647.
Estimated area of the Manderbrolt Set: 1.506804
Computing time: 39.605324 seconds
real	0m39.610s
user	1m19.194s
sys	0m0.016s
Seed = 99. RAND_MAX = 2147483647.
Seed = 99. RAND_MAX = 2147483647.
Estimated area of the Manderbrolt Set: 1.506784
Computing time: 39.700550 seconds
real	0m39.705s
user	1m19.381s
sys	0m0.020s
Seed = 99. RAND_MAX = 2147483647.
Seed = 99. RAND_MAX = 2147483647.
Estimated area of the Manderbrolt Set: 1.506800
Computing time: 39.633765 seconds
real	0m39.638s
user	1m19.239s
sys	0m0.027s

Number of threads =  4
OMP_SCHEDULE =  dynamic
Seed = 99. RAND_MAX = 2147483647.
Seed = 99. RAND_MAX = 2147483647.
Seed = 99. RAND_MAX = 2147483647.
Seed = 99. RAND_MAX = 2147483647.
Estimated area of the Manderbrolt Set: 1.506744
Computing time: 21.186392 seconds
real	0m21.191s
user	1m24.720s
sys	0m0.021s
Seed = 99. RAND_MAX = 2147483647.
Seed = 99. RAND_MAX = 2147483647.
Seed = 99. RAND_MAX = 2147483647.
Seed = 99. RAND_MAX = 2147483647.
Estimated area of the Manderbrolt Set: 1.506748
Computing time: 21.172996 seconds
real	0m21.178s
user	1m24.672s
sys	0m0.016s
Seed = 99. RAND_MAX = 2147483647.
Seed = 99. RAND_MAX = 2147483647.
Seed = 99. RAND_MAX = 2147483647.
Seed = 99. RAND_MAX = 2147483647.
Estimated area of the Manderbrolt Set: 1.506952
Computing time: 21.130681 seconds
real	0m21.135s
user	1m24.513s
sys	0m0.007s

Number of threads =  10
OMP_SCHEDULE =  dynamic
Seed = 99. RAND_MAX = 2147483647.
Seed = 99. RAND_MAX = 2147483647.
Seed = 99. RAND_MAX = 2147483647.
Seed = 99. RAND_MAX = 2147483647.
Seed = 99. RAND_MAX = 2147483647.
Seed = 99. RAND_MAX = 2147483647.
Seed = 99. RAND_MAX = 2147483647.
Seed = 99. RAND_MAX = 2147483647.
Seed = 99. RAND_MAX = 2147483647.
Seed = 99. RAND_MAX = 2147483647.
Estimated area of the Manderbrolt Set: 1.506944
Computing time: 9.507087 seconds
real	0m9.512s
user	1m35.035s
sys	0m0.015s
Seed = 99. RAND_MAX = 2147483647.
Seed = 99. RAND_MAX = 2147483647.
Seed = 99. RAND_MAX = 2147483647.
Seed = 99. RAND_MAX = 2147483647.
Seed = 99. RAND_MAX = 2147483647.
Seed = 99. RAND_MAX = 2147483647.
Seed = 99. RAND_MAX = 2147483647.
Seed = 99. RAND_MAX = 2147483647.
Seed = 99. RAND_MAX = 2147483647.
Seed = 99. RAND_MAX = 2147483647.
Estimated area of the Manderbrolt Set: 1.506642
Computing time: 9.580288 seconds
real	0m9.585s
user	1m35.780s
sys	0m0.005s
Seed = 99. RAND_MAX = 2147483647.
Seed = 99. RAND_MAX = 2147483647.
Seed = 99. RAND_MAX = 2147483647.
Seed = 99. RAND_MAX = 2147483647.
Seed = 99. RAND_MAX = 2147483647.
Seed = 99. RAND_MAX = 2147483647.
Seed = 99. RAND_MAX = 2147483647.
Seed = 99. RAND_MAX = 2147483647.
Seed = 99. RAND_MAX = 2147483647.
Seed = 99. RAND_MAX = 2147483647.
Estimated area of the Manderbrolt Set: 1.506790
Computing time: 9.501616 seconds
real	0m9.507s
user	1m34.990s
sys	0m0.008s

Number of threads =  20
OMP_SCHEDULE =  dynamic
Seed = 99. RAND_MAX = 2147483647.
Seed = 99. RAND_MAX = 2147483647.
Seed = 99. RAND_MAX = 2147483647.
Seed = 99. RAND_MAX = 2147483647.
Seed = 99. RAND_MAX = 2147483647.
Seed = 99. RAND_MAX = 2147483647.
Seed = 99. RAND_MAX = 2147483647.
Seed = 99. RAND_MAX = 2147483647.
Seed = 99. RAND_MAX = 2147483647.
Seed = 99. RAND_MAX = 2147483647.
Seed = 99. RAND_MAX = 2147483647.
Seed = 99. RAND_MAX = 2147483647.
Seed = 99. RAND_MAX = 2147483647.
Seed = 99. RAND_MAX = 2147483647.
Seed = 99. RAND_MAX = 2147483647.
Seed = 99. RAND_MAX = 2147483647.
Seed = 99. RAND_MAX = 2147483647.
Seed = 99. RAND_MAX = 2147483647.
Seed = 99. RAND_MAX = 2147483647.
Seed = 99. RAND_MAX = 2147483647.
Estimated area of the Manderbrolt Set: 1.506846
Computing time: 6.010049 seconds
real	0m6.015s
user	1m59.470s
sys	0m0.332s
Seed = 99. RAND_MAX = 2147483647.
Seed = 99. RAND_MAX = 2147483647.
Seed = 99. RAND_MAX = 2147483647.
Seed = 99. RAND_MAX = 2147483647.
Seed = 99. RAND_MAX = 2147483647.
Seed = 99. RAND_MAX = 2147483647.
Seed = 99. RAND_MAX = 2147483647.
Seed = 99. RAND_MAX = 2147483647.
Seed = 99. RAND_MAX = 2147483647.
Seed = 99. RAND_MAX = 2147483647.
Seed = 99. RAND_MAX = 2147483647.
Seed = 99. RAND_MAX = 2147483647.
Seed = 99. RAND_MAX = 2147483647.
Seed = 99. RAND_MAX = 2147483647.
Seed = 99. RAND_MAX = 2147483647.
Seed = 99. RAND_MAX = 2147483647.
Seed = 99. RAND_MAX = 2147483647.
Seed = 99. RAND_MAX = 2147483647.
Seed = 99. RAND_MAX = 2147483647.
Seed = 99. RAND_MAX = 2147483647.
Estimated area of the Manderbrolt Set: 1.506758
Computing time: 5.752192 seconds
real	0m5.758s
user	1m54.757s
sys	0m0.167s
Seed = 99. RAND_MAX = 2147483647.
Seed = 99. RAND_MAX = 2147483647.
Seed = 99. RAND_MAX = 2147483647.
Seed = 99. RAND_MAX = 2147483647.
Seed = 99. RAND_MAX = 2147483647.
Seed = 99. RAND_MAX = 2147483647.
Seed = 99. RAND_MAX = 2147483647.
Seed = 99. RAND_MAX = 2147483647.
Seed = 99. RAND_MAX = 2147483647.
Seed = 99. RAND_MAX = 2147483647.
Seed = 99. RAND_MAX = 2147483647.
Seed = 99. RAND_MAX = 2147483647.
Seed = 99. RAND_MAX = 2147483647.
Seed = 99. RAND_MAX = 2147483647.
Seed = 99. RAND_MAX = 2147483647.
Seed = 99. RAND_MAX = 2147483647.
Seed = 99. RAND_MAX = 2147483647.
Seed = 99. RAND_MAX = 2147483647.
Seed = 99. RAND_MAX = 2147483647.
Seed = 99. RAND_MAX = 2147483647.
Estimated area of the Manderbrolt Set: 1.506796
Computing time: 5.995199 seconds
real	0m6.000s
user	1m58.961s
sys	0m0.496s

schedule(dynamic, 250)

Number of threads =  1
OMP_SCHEDULE =  dynamic,250
Seed = 99. RAND_MAX = 2147483647.
Estimated area of the Manderbrolt Set: 1.506712
Computing time: 76.239484 seconds
real	1m16.244s
user	1m16.239s
sys	0m0.004s
Seed = 99. RAND_MAX = 2147483647.
Estimated area of the Manderbrolt Set: 1.506712
Computing time: 76.239900 seconds
real	1m16.245s
user	1m16.238s
sys	0m0.005s
Seed = 99. RAND_MAX = 2147483647.
Estimated area of the Manderbrolt Set: 1.506712
Computing time: 76.251101 seconds
real	1m16.256s
user	1m16.251s
sys	0m0.004s

Number of threads =  2
OMP_SCHEDULE =  dynamic,250
Seed = 99. RAND_MAX = 2147483647.
Seed = 99. RAND_MAX = 2147483647.
Estimated area of the Manderbrolt Set: 1.506668
Computing time: 39.112486 seconds
real	0m39.117s
user	1m18.196s
sys	0m0.029s
Seed = 99. RAND_MAX = 2147483647.
Seed = 99. RAND_MAX = 2147483647.
Estimated area of the Manderbrolt Set: 1.506796
Computing time: 38.991739 seconds
real	0m38.996s
user	1m17.963s
sys	0m0.020s
Seed = 99. RAND_MAX = 2147483647.
Seed = 99. RAND_MAX = 2147483647.
Estimated area of the Manderbrolt Set: 1.506804
Computing time: 39.045220 seconds
real	0m39.050s
user	1m18.077s
sys	0m0.013s

Number of threads =  4
OMP_SCHEDULE =  dynamic,250
Seed = 99. RAND_MAX = 2147483647.
Seed = 99. RAND_MAX = 2147483647.
Seed = 99. RAND_MAX = 2147483647.
Seed = 99. RAND_MAX = 2147483647.
Estimated area of the Manderbrolt Set: 1.506722
Computing time: 19.855090 seconds
real	0m19.860s
user	1m19.391s
sys	0m0.025s
Seed = 99. RAND_MAX = 2147483647.
Seed = 99. RAND_MAX = 2147483647.
Seed = 99. RAND_MAX = 2147483647.
Seed = 99. RAND_MAX = 2147483647.
Estimated area of the Manderbrolt Set: 1.506744
Computing time: 20.005058 seconds
real	0m20.010s
user	1m19.998s
sys	0m0.019s
Seed = 99. RAND_MAX = 2147483647.
Seed = 99. RAND_MAX = 2147483647.
Seed = 99. RAND_MAX = 2147483647.
Seed = 99. RAND_MAX = 2147483647.
Estimated area of the Manderbrolt Set: 1.506748
Computing time: 20.043629 seconds
real	0m20.048s
user	1m20.156s
sys	0m0.015s

Number of threads =  10
OMP_SCHEDULE =  dynamic,250
Seed = 99. RAND_MAX = 2147483647.
Seed = 99. RAND_MAX = 2147483647.
Seed = 99. RAND_MAX = 2147483647.
Seed = 99. RAND_MAX = 2147483647.
Seed = 99. RAND_MAX = 2147483647.
Seed = 99. RAND_MAX = 2147483647.
Seed = 99. RAND_MAX = 2147483647.
Seed = 99. RAND_MAX = 2147483647.
Seed = 99. RAND_MAX = 2147483647.
Seed = 99. RAND_MAX = 2147483647.
Estimated area of the Manderbrolt Set: 1.506784
Computing time: 8.451895 seconds
real	0m8.457s
user	1m24.481s
sys	0m0.018s
Seed = 99. RAND_MAX = 2147483647.
Seed = 99. RAND_MAX = 2147483647.
Seed = 99. RAND_MAX = 2147483647.
Seed = 99. RAND_MAX = 2147483647.
Seed = 99. RAND_MAX = 2147483647.
Seed = 99. RAND_MAX = 2147483647.
Seed = 99. RAND_MAX = 2147483647.
Seed = 99. RAND_MAX = 2147483647.
Seed = 99. RAND_MAX = 2147483647.
Seed = 99. RAND_MAX = 2147483647.
Estimated area of the Manderbrolt Set: 1.506930
Computing time: 8.552497 seconds
real	0m8.557s
user	1m25.497s
sys	0m0.011s
Seed = 99. RAND_MAX = 2147483647.
Seed = 99. RAND_MAX = 2147483647.
Seed = 99. RAND_MAX = 2147483647.
Seed = 99. RAND_MAX = 2147483647.
Seed = 99. RAND_MAX = 2147483647.
Seed = 99. RAND_MAX = 2147483647.
Seed = 99. RAND_MAX = 2147483647.
Seed = 99. RAND_MAX = 2147483647.
Seed = 99. RAND_MAX = 2147483647.
Seed = 99. RAND_MAX = 2147483647.
Estimated area of the Manderbrolt Set: 1.506610
Computing time: 8.515727 seconds
real	0m8.520s
user	1m25.132s
sys	0m0.008s

Number of threads =  20
OMP_SCHEDULE =  dynamic,250
Seed = 99. RAND_MAX = 2147483647.
Seed = 99. RAND_MAX = 2147483647.
Seed = 99. RAND_MAX = 2147483647.
Seed = 99. RAND_MAX = 2147483647.
Seed = 99. RAND_MAX = 2147483647.
Seed = 99. RAND_MAX = 2147483647.
Seed = 99. RAND_MAX = 2147483647.
Seed = 99. RAND_MAX = 2147483647.
Seed = 99. RAND_MAX = 2147483647.
Seed = 99. RAND_MAX = 2147483647.
Seed = 99. RAND_MAX = 2147483647.
Seed = 99. RAND_MAX = 2147483647.
Seed = 99. RAND_MAX = 2147483647.
Seed = 99. RAND_MAX = 2147483647.
Seed = 99. RAND_MAX = 2147483647.
Seed = 99. RAND_MAX = 2147483647.
Seed = 99. RAND_MAX = 2147483647.
Seed = 99. RAND_MAX = 2147483647.
Seed = 99. RAND_MAX = 2147483647.
Seed = 99. RAND_MAX = 2147483647.
Estimated area of the Manderbrolt Set: 1.506786
Computing time: 5.538735 seconds
real	0m5.544s
user	1m45.869s
sys	0m0.789s
Seed = 99. RAND_MAX = 2147483647.
Seed = 99. RAND_MAX = 2147483647.
Seed = 99. RAND_MAX = 2147483647.
Seed = 99. RAND_MAX = 2147483647.
Seed = 99. RAND_MAX = 2147483647.
Seed = 99. RAND_MAX = 2147483647.
Seed = 99. RAND_MAX = 2147483647.
Seed = 99. RAND_MAX = 2147483647.
Seed = 99. RAND_MAX = 2147483647.
Seed = 99. RAND_MAX = 2147483647.
Seed = 99. RAND_MAX = 2147483647.
Seed = 99. RAND_MAX = 2147483647.
Seed = 99. RAND_MAX = 2147483647.
Seed = 99. RAND_MAX = 2147483647.
Seed = 99. RAND_MAX = 2147483647.
Seed = 99. RAND_MAX = 2147483647.
Seed = 99. RAND_MAX = 2147483647.
Seed = 99. RAND_MAX = 2147483647.
Seed = 99. RAND_MAX = 2147483647.
Seed = 99. RAND_MAX = 2147483647.
Estimated area of the Manderbrolt Set: 1.506734
Computing time: 5.084420 seconds
real	0m5.090s
user	1m40.925s
sys	0m0.379s
Seed = 99. RAND_MAX = 2147483647.
Seed = 99. RAND_MAX = 2147483647.
Seed = 99. RAND_MAX = 2147483647.
Seed = 99. RAND_MAX = 2147483647.
Seed = 99. RAND_MAX = 2147483647.
Seed = 99. RAND_MAX = 2147483647.
Seed = 99. RAND_MAX = 2147483647.
Seed = 99. RAND_MAX = 2147483647.
Seed = 99. RAND_MAX = 2147483647.
Seed = 99. RAND_MAX = 2147483647.
Seed = 99. RAND_MAX = 2147483647.
Seed = 99. RAND_MAX = 2147483647.
Seed = 99. RAND_MAX = 2147483647.
Seed = 99. RAND_MAX = 2147483647.
Seed = 99. RAND_MAX = 2147483647.
Seed = 99. RAND_MAX = 2147483647.
Seed = 99. RAND_MAX = 2147483647.
Seed = 99. RAND_MAX = 2147483647.
Seed = 99. RAND_MAX = 2147483647.
Seed = 99. RAND_MAX = 2147483647.
Estimated area of the Manderbrolt Set: 1.506824
Computing time: 4.819785 seconds
real	0m4.825s
user	1m36.239s
sys	0m0.018s

schedule(guided)

Number of threads =  1
OMP_SCHEDULE =  guided
Seed = 99. RAND_MAX = 2147483647.
Estimated area of the Manderbrolt Set: 1.506712
Computing time: 76.228289 seconds
real	1m16.233s
user	1m16.227s
sys	0m0.004s
Seed = 99. RAND_MAX = 2147483647.
Estimated area of the Manderbrolt Set: 1.506712
Computing time: 76.228810 seconds
real	1m16.233s
user	1m16.228s
sys	0m0.004s
Seed = 99. RAND_MAX = 2147483647.
Estimated area of the Manderbrolt Set: 1.506712
Computing time: 76.230816 seconds
real	1m16.235s
user	1m16.229s
sys	0m0.005s

Number of threads =  2
OMP_SCHEDULE =  guided
Seed = 99. RAND_MAX = 2147483647.
Seed = 99. RAND_MAX = 2147483647.
Estimated area of the Manderbrolt Set: 1.506860
Computing time: 45.321041 seconds
real	0m45.326s
user	1m16.687s
sys	0m0.033s
Seed = 99. RAND_MAX = 2147483647.
Seed = 99. RAND_MAX = 2147483647.
Estimated area of the Manderbrolt Set: 1.506860
Computing time: 45.312600 seconds
real	0m45.317s
user	1m16.707s
sys	0m0.016s
Seed = 99. RAND_MAX = 2147483647.
Seed = 99. RAND_MAX = 2147483647.
Estimated area of the Manderbrolt Set: 1.506860
Computing time: 45.303779 seconds
real	0m45.309s
user	1m16.686s
sys	0m0.024s

Number of threads =  4
OMP_SCHEDULE =  guided
Seed = 99. RAND_MAX = 2147483647.
Seed = 99. RAND_MAX = 2147483647.
Seed = 99. RAND_MAX = 2147483647.
Seed = 99. RAND_MAX = 2147483647.
Estimated area of the Manderbrolt Set: 1.506744
Computing time: 25.121954 seconds
real	0m25.127s
user	1m17.390s
sys	0m0.057s
Seed = 99. RAND_MAX = 2147483647.
Seed = 99. RAND_MAX = 2147483647.
Seed = 99. RAND_MAX = 2147483647.
Seed = 99. RAND_MAX = 2147483647.
Estimated area of the Manderbrolt Set: 1.506744
Computing time: 25.108155 seconds
real	0m25.113s
user	1m17.146s
sys	0m0.038s
Seed = 99. RAND_MAX = 2147483647.
Seed = 99. RAND_MAX = 2147483647.
Seed = 99. RAND_MAX = 2147483647.
Seed = 99. RAND_MAX = 2147483647.
Estimated area of the Manderbrolt Set: 1.506744
Computing time: 25.118174 seconds
real	0m25.123s
user	1m17.183s
sys	0m0.050s

Number of threads =  10
OMP_SCHEDULE =  guided
Seed = 99. RAND_MAX = 2147483647.
Seed = 99. RAND_MAX = 2147483647.
Seed = 99. RAND_MAX = 2147483647.
Seed = 99. RAND_MAX = 2147483647.
Seed = 99. RAND_MAX = 2147483647.
Seed = 99. RAND_MAX = 2147483647.
Seed = 99. RAND_MAX = 2147483647.
Seed = 99. RAND_MAX = 2147483647.
Seed = 99. RAND_MAX = 2147483647.
Seed = 99. RAND_MAX = 2147483647.
Estimated area of the Manderbrolt Set: 1.506604
Computing time: 10.462256 seconds
real	0m10.467s
user	1m23.831s
sys	0m0.177s
Seed = 99. RAND_MAX = 2147483647.
Seed = 99. RAND_MAX = 2147483647.
Seed = 99. RAND_MAX = 2147483647.
Seed = 99. RAND_MAX = 2147483647.
Seed = 99. RAND_MAX = 2147483647.
Seed = 99. RAND_MAX = 2147483647.
Seed = 99. RAND_MAX = 2147483647.
Seed = 99. RAND_MAX = 2147483647.
Seed = 99. RAND_MAX = 2147483647.
Seed = 99. RAND_MAX = 2147483647.
Estimated area of the Manderbrolt Set: 1.506600
Computing time: 10.446325 seconds
real	0m10.451s
user	1m21.990s
sys	0m0.144s
Seed = 99. RAND_MAX = 2147483647.
Seed = 99. RAND_MAX = 2147483647.
Seed = 99. RAND_MAX = 2147483647.
Seed = 99. RAND_MAX = 2147483647.
Seed = 99. RAND_MAX = 2147483647.
Seed = 99. RAND_MAX = 2147483647.
Seed = 99. RAND_MAX = 2147483647.
Seed = 99. RAND_MAX = 2147483647.
Seed = 99. RAND_MAX = 2147483647.
Seed = 99. RAND_MAX = 2147483647.
Estimated area of the Manderbrolt Set: 1.506578
Computing time: 10.441920 seconds
real	0m10.447s
user	1m22.770s
sys	0m0.155s

Number of threads =  20
OMP_SCHEDULE =  guided
Seed = 99. RAND_MAX = 2147483647.
Seed = 99. RAND_MAX = 2147483647.
Seed = 99. RAND_MAX = 2147483647.
Seed = 99. RAND_MAX = 2147483647.
Seed = 99. RAND_MAX = 2147483647.
Seed = 99. RAND_MAX = 2147483647.
Seed = 99. RAND_MAX = 2147483647.
Seed = 99. RAND_MAX = 2147483647.
Seed = 99. RAND_MAX = 2147483647.
Seed = 99. RAND_MAX = 2147483647.
Seed = 99. RAND_MAX = 2147483647.
Seed = 99. RAND_MAX = 2147483647.
Seed = 99. RAND_MAX = 2147483647.
Seed = 99. RAND_MAX = 2147483647.
Seed = 99. RAND_MAX = 2147483647.
Seed = 99. RAND_MAX = 2147483647.
Seed = 99. RAND_MAX = 2147483647.
Seed = 99. RAND_MAX = 2147483647.
Seed = 99. RAND_MAX = 2147483647.
Seed = 99. RAND_MAX = 2147483647.
Estimated area of the Manderbrolt Set: 1.506622
Computing time: 5.359553 seconds
real	0m5.365s
user	1m32.416s
sys	0m0.256s
Seed = 99. RAND_MAX = 2147483647.
Seed = 99. RAND_MAX = 2147483647.
Seed = 99. RAND_MAX = 2147483647.
Seed = 99. RAND_MAX = 2147483647.
Seed = 99. RAND_MAX = 2147483647.
Seed = 99. RAND_MAX = 2147483647.
Seed = 99. RAND_MAX = 2147483647.
Seed = 99. RAND_MAX = 2147483647.
Seed = 99. RAND_MAX = 2147483647.
Seed = 99. RAND_MAX = 2147483647.
Seed = 99. RAND_MAX = 2147483647.
Seed = 99. RAND_MAX = 2147483647.
Seed = 99. RAND_MAX = 2147483647.
Seed = 99. RAND_MAX = 2147483647.
Seed = 99. RAND_MAX = 2147483647.
Seed = 99. RAND_MAX = 2147483647.
Seed = 99. RAND_MAX = 2147483647.
Seed = 99. RAND_MAX = 2147483647.
Seed = 99. RAND_MAX = 2147483647.
Seed = 99. RAND_MAX = 2147483647.
Estimated area of the Manderbrolt Set: 1.506604
Computing time: 5.357995 seconds
real	0m5.363s
user	1m32.853s
sys	0m0.283s
Seed = 99. RAND_MAX = 2147483647.
Seed = 99. RAND_MAX = 2147483647.
Seed = 99. RAND_MAX = 2147483647.
Seed = 99. RAND_MAX = 2147483647.
Seed = 99. RAND_MAX = 2147483647.
Seed = 99. RAND_MAX = 2147483647.
Seed = 99. RAND_MAX = 2147483647.
Seed = 99. RAND_MAX = 2147483647.
Seed = 99. RAND_MAX = 2147483647.
Seed = 99. RAND_MAX = 2147483647.
Seed = 99. RAND_MAX = 2147483647.
Seed = 99. RAND_MAX = 2147483647.
Seed = 99. RAND_MAX = 2147483647.
Seed = 99. RAND_MAX = 2147483647.
Seed = 99. RAND_MAX = 2147483647.
Seed = 99. RAND_MAX = 2147483647.
Seed = 99. RAND_MAX = 2147483647.
Seed = 99. RAND_MAX = 2147483647.
Seed = 99. RAND_MAX = 2147483647.
Seed = 99. RAND_MAX = 2147483647.
Estimated area of the Manderbrolt Set: 1.506590
Computing time: 5.451092 seconds
real	0m5.456s
user	1m33.797s
sys	0m0.274s

